{"/data/home/amyyanzhang/mg-validator/index.js":{"path":"/data/home/amyyanzhang/mg-validator/index.js","s":{"1":1},"b":{},"f":{},"fnMap":{},"statementMap":{"1":{"start":{"line":1,"column":0},"end":{"line":1,"column":40}}},"branchMap":{}},"/data/home/amyyanzhang/mg-validator/lib/index.js":{"path":"/data/home/amyyanzhang/mg-validator/lib/index.js","s":{"1":1,"2":1},"b":{},"f":{},"fnMap":{},"statementMap":{"1":{"start":{"line":2,"column":0},"end":{"line":2,"column":41}},"2":{"start":{"line":3,"column":0},"end":{"line":3,"column":39}}},"branchMap":{}},"/data/home/amyyanzhang/mg-validator/lib/validator.js":{"path":"/data/home/amyyanzhang/mg-validator/lib/validator.js","s":{"1":1,"2":1,"3":0,"4":0,"5":0,"6":0,"7":1,"8":1,"9":1,"10":1,"11":1,"12":1,"13":1,"14":1,"15":1,"16":1,"17":1,"18":1,"19":313,"20":313,"21":313,"22":313,"23":313,"24":1,"25":311,"26":311,"27":1,"28":1592,"29":314,"30":1278,"31":1,"32":2,"33":2,"34":1,"35":311,"36":309,"37":309,"38":1,"39":2,"40":2,"41":2,"42":1,"43":311,"44":311,"45":311,"46":311,"47":309,"48":309,"49":309,"50":309,"51":156,"52":155,"53":2,"54":2,"55":8,"56":8,"57":1,"58":154,"59":1,"60":311,"61":311,"62":309,"63":309,"64":309,"65":309,"66":156,"67":155,"68":2,"69":2,"70":8,"71":8,"72":1,"73":154,"74":1,"75":311,"76":311,"77":1,"78":310,"79":1,"80":2,"81":2,"82":14,"83":1,"84":324,"85":1,"86":1,"87":1,"88":1,"89":1,"90":1},"b":{"1":[1,1,1],"2":[1,0,0,0],"3":[0,0],"4":[0,1],"5":[313,313,313],"6":[314,1278],"7":[1592,1246],"8":[309,2],"9":[156,153],"10":[2,153],"11":[1,7],"12":[309,2],"13":[156,153],"14":[2,153],"15":[1,7],"16":[1,310],"17":[311,53],"18":[1,323]},"f":{"1":1,"2":0,"3":0,"4":1,"5":1,"6":1,"7":313,"8":311,"9":1592,"10":2,"11":311,"12":2,"13":311,"14":311,"15":311,"16":311,"17":2,"18":14,"19":324},"fnMap":{"1":{"name":"(anonymous_1)","line":2,"loc":{"start":{"line":2,"column":45},"end":{"line":2,"column":57}}},"2":{"name":"(anonymous_2)","line":4,"loc":{"start":{"line":4,"column":47},"end":{"line":4,"column":63}}},"3":{"name":"(anonymous_3)","line":5,"loc":{"start":{"line":5,"column":8},"end":{"line":5,"column":24}}},"4":{"name":"(anonymous_4)","line":6,"loc":{"start":{"line":6,"column":11},"end":{"line":6,"column":27}}},"5":{"name":"__","line":8,"loc":{"start":{"line":8,"column":8},"end":{"line":8,"column":22}}},"6":{"name":"(anonymous_6)","line":16,"loc":{"start":{"line":16,"column":31},"end":{"line":16,"column":49}}},"7":{"name":"Validator","line":18,"loc":{"start":{"line":18,"column":4},"end":{"line":18,"column":25}}},"8":{"name":"(anonymous_8)","line":25,"loc":{"start":{"line":25,"column":22},"end":{"line":25,"column":38}}},"9":{"name":"(anonymous_9)","line":29,"loc":{"start":{"line":29,"column":23},"end":{"line":29,"column":47}}},"10":{"name":"(anonymous_10)","line":45,"loc":{"start":{"line":45,"column":24},"end":{"line":45,"column":40}}},"11":{"name":"(anonymous_11)","line":49,"loc":{"start":{"line":49,"column":32},"end":{"line":49,"column":48}}},"12":{"name":"(anonymous_12)","line":54,"loc":{"start":{"line":54,"column":34},"end":{"line":54,"column":50}}},"13":{"name":"(anonymous_13)","line":59,"loc":{"start":{"line":59,"column":33},"end":{"line":59,"column":49}}},"14":{"name":"(anonymous_14)","line":61,"loc":{"start":{"line":61,"column":27},"end":{"line":61,"column":54}}},"15":{"name":"(anonymous_15)","line":84,"loc":{"start":{"line":84,"column":37},"end":{"line":84,"column":53}}},"16":{"name":"(anonymous_16)","line":106,"loc":{"start":{"line":106,"column":41},"end":{"line":106,"column":58}}},"17":{"name":"(anonymous_17)","line":114,"loc":{"start":{"line":114,"column":43},"end":{"line":114,"column":60}}},"18":{"name":"(anonymous_18)","line":116,"loc":{"start":{"line":116,"column":22},"end":{"line":116,"column":38}}},"19":{"name":"(anonymous_19)","line":120,"loc":{"start":{"line":120,"column":39},"end":{"line":120,"column":55}}}},"statementMap":{"1":{"start":{"line":2,"column":0},"end":{"line":11,"column":5}},"2":{"start":{"line":3,"column":4},"end":{"line":5,"column":83}},"3":{"start":{"line":4,"column":65},"end":{"line":4,"column":81}},"4":{"start":{"line":5,"column":26},"end":{"line":5,"column":80}},"5":{"start":{"line":5,"column":43},"end":{"line":5,"column":80}},"6":{"start":{"line":5,"column":68},"end":{"line":5,"column":80}},"7":{"start":{"line":6,"column":4},"end":{"line":10,"column":6}},"8":{"start":{"line":7,"column":8},"end":{"line":7,"column":28}},"9":{"start":{"line":8,"column":8},"end":{"line":8,"column":47}},"10":{"start":{"line":8,"column":24},"end":{"line":8,"column":45}},"11":{"start":{"line":9,"column":8},"end":{"line":9,"column":93}},"12":{"start":{"line":12,"column":0},"end":{"line":12,"column":62}},"13":{"start":{"line":13,"column":0},"end":{"line":13,"column":33}},"14":{"start":{"line":14,"column":0},"end":{"line":14,"column":37}},"15":{"start":{"line":15,"column":0},"end":{"line":15,"column":33}},"16":{"start":{"line":16,"column":0},"end":{"line":135,"column":17}},"17":{"start":{"line":17,"column":4},"end":{"line":17,"column":33}},"18":{"start":{"line":18,"column":4},"end":{"line":24,"column":5}},"19":{"start":{"line":19,"column":8},"end":{"line":19,"column":77}},"20":{"start":{"line":20,"column":8},"end":{"line":20,"column":31}},"21":{"start":{"line":21,"column":8},"end":{"line":21,"column":33}},"22":{"start":{"line":22,"column":8},"end":{"line":22,"column":24}},"23":{"start":{"line":23,"column":8},"end":{"line":23,"column":21}},"24":{"start":{"line":25,"column":4},"end":{"line":28,"column":6}},"25":{"start":{"line":26,"column":8},"end":{"line":26,"column":32}},"26":{"start":{"line":27,"column":8},"end":{"line":27,"column":29}},"27":{"start":{"line":29,"column":4},"end":{"line":44,"column":6}},"28":{"start":{"line":30,"column":8},"end":{"line":43,"column":9}},"29":{"start":{"line":31,"column":12},"end":{"line":39,"column":14}},"30":{"start":{"line":42,"column":12},"end":{"line":42,"column":46}},"31":{"start":{"line":45,"column":4},"end":{"line":48,"column":6}},"32":{"start":{"line":46,"column":8},"end":{"line":46,"column":32}},"33":{"start":{"line":47,"column":8},"end":{"line":47,"column":31}},"34":{"start":{"line":49,"column":4},"end":{"line":53,"column":6}},"35":{"start":{"line":50,"column":8},"end":{"line":50,"column":34}},"36":{"start":{"line":51,"column":8},"end":{"line":51,"column":30}},"37":{"start":{"line":52,"column":8},"end":{"line":52,"column":20}},"38":{"start":{"line":54,"column":4},"end":{"line":58,"column":6}},"39":{"start":{"line":55,"column":8},"end":{"line":55,"column":36}},"40":{"start":{"line":56,"column":8},"end":{"line":56,"column":32}},"41":{"start":{"line":57,"column":8},"end":{"line":57,"column":20}},"42":{"start":{"line":59,"column":4},"end":{"line":83,"column":6}},"43":{"start":{"line":60,"column":8},"end":{"line":60,"column":25}},"44":{"start":{"line":61,"column":8},"end":{"line":82,"column":11}},"45":{"start":{"line":62,"column":12},"end":{"line":62,"column":30}},"46":{"start":{"line":63,"column":12},"end":{"line":71,"column":13}},"47":{"start":{"line":64,"column":16},"end":{"line":64,"column":52}},"48":{"start":{"line":65,"column":16},"end":{"line":70,"column":17}},"49":{"start":{"line":66,"column":20},"end":{"line":66,"column":70}},"50":{"start":{"line":67,"column":20},"end":{"line":69,"column":21}},"51":{"start":{"line":68,"column":24},"end":{"line":68,"column":43}},"52":{"start":{"line":72,"column":12},"end":{"line":80,"column":13}},"53":{"start":{"line":73,"column":16},"end":{"line":73,"column":58}},"54":{"start":{"line":74,"column":16},"end":{"line":79,"column":17}},"55":{"start":{"line":75,"column":20},"end":{"line":75,"column":69}},"56":{"start":{"line":76,"column":20},"end":{"line":78,"column":21}},"57":{"start":{"line":77,"column":24},"end":{"line":77,"column":43}},"58":{"start":{"line":81,"column":12},"end":{"line":81,"column":55}},"59":{"start":{"line":84,"column":4},"end":{"line":105,"column":6}},"60":{"start":{"line":85,"column":8},"end":{"line":85,"column":25}},"61":{"start":{"line":86,"column":8},"end":{"line":94,"column":9}},"62":{"start":{"line":87,"column":12},"end":{"line":87,"column":48}},"63":{"start":{"line":88,"column":12},"end":{"line":93,"column":13}},"64":{"start":{"line":89,"column":16},"end":{"line":89,"column":65}},"65":{"start":{"line":90,"column":16},"end":{"line":92,"column":17}},"66":{"start":{"line":91,"column":20},"end":{"line":91,"column":31}},"67":{"start":{"line":95,"column":8},"end":{"line":103,"column":9}},"68":{"start":{"line":96,"column":12},"end":{"line":96,"column":54}},"69":{"start":{"line":97,"column":12},"end":{"line":102,"column":13}},"70":{"start":{"line":98,"column":16},"end":{"line":98,"column":64}},"71":{"start":{"line":99,"column":16},"end":{"line":101,"column":17}},"72":{"start":{"line":100,"column":20},"end":{"line":100,"column":31}},"73":{"start":{"line":104,"column":8},"end":{"line":104,"column":42}},"74":{"start":{"line":106,"column":4},"end":{"line":113,"column":6}},"75":{"start":{"line":107,"column":8},"end":{"line":112,"column":9}},"76":{"start":{"line":108,"column":12},"end":{"line":110,"column":13}},"77":{"start":{"line":109,"column":16},"end":{"line":109,"column":51}},"78":{"start":{"line":111,"column":12},"end":{"line":111,"column":40}},"79":{"start":{"line":114,"column":4},"end":{"line":119,"column":6}},"80":{"start":{"line":115,"column":8},"end":{"line":115,"column":25}},"81":{"start":{"line":116,"column":8},"end":{"line":118,"column":11}},"82":{"start":{"line":117,"column":12},"end":{"line":117,"column":37}},"83":{"start":{"line":120,"column":4},"end":{"line":124,"column":6}},"84":{"start":{"line":121,"column":8},"end":{"line":123,"column":9}},"85":{"start":{"line":122,"column":12},"end":{"line":122,"column":40}},"86":{"start":{"line":126,"column":4},"end":{"line":126,"column":35}},"87":{"start":{"line":127,"column":4},"end":{"line":127,"column":26}},"88":{"start":{"line":128,"column":4},"end":{"line":133,"column":6}},"89":{"start":{"line":134,"column":4},"end":{"line":134,"column":21}},"90":{"start":{"line":136,"column":0},"end":{"line":136,"column":30}}},"branchMap":{"1":{"line":2,"type":"binary-expr","locations":[{"start":{"line":2,"column":17},"end":{"line":2,"column":21}},{"start":{"line":2,"column":25},"end":{"line":2,"column":39}},{"start":{"line":2,"column":44},"end":{"line":11,"column":4}}]},"2":{"line":3,"type":"binary-expr","locations":[{"start":{"line":3,"column":24},"end":{"line":3,"column":45}},{"start":{"line":4,"column":9},"end":{"line":4,"column":43}},{"start":{"line":4,"column":47},"end":{"line":4,"column":83}},{"start":{"line":5,"column":8},"end":{"line":5,"column":82}}]},"3":{"line":5,"type":"if","locations":[{"start":{"line":5,"column":43},"end":{"line":5,"column":43}},{"start":{"line":5,"column":43},"end":{"line":5,"column":43}}]},"4":{"line":9,"type":"cond-expr","locations":[{"start":{"line":9,"column":35},"end":{"line":9,"column":51}},{"start":{"line":9,"column":55},"end":{"line":9,"column":91}}]},"5":{"line":19,"type":"binary-expr","locations":[{"start":{"line":19,"column":20},"end":{"line":19,"column":35}},{"start":{"line":19,"column":39},"end":{"line":19,"column":68}},{"start":{"line":19,"column":72},"end":{"line":19,"column":76}}]},"6":{"line":30,"type":"if","locations":[{"start":{"line":30,"column":8},"end":{"line":30,"column":8}},{"start":{"line":30,"column":8},"end":{"line":30,"column":8}}]},"7":{"line":30,"type":"binary-expr","locations":[{"start":{"line":30,"column":12},"end":{"line":30,"column":16}},{"start":{"line":30,"column":20},"end":{"line":30,"column":31}}]},"8":{"line":63,"type":"if","locations":[{"start":{"line":63,"column":12},"end":{"line":63,"column":12}},{"start":{"line":63,"column":12},"end":{"line":63,"column":12}}]},"9":{"line":67,"type":"if","locations":[{"start":{"line":67,"column":20},"end":{"line":67,"column":20}},{"start":{"line":67,"column":20},"end":{"line":67,"column":20}}]},"10":{"line":72,"type":"if","locations":[{"start":{"line":72,"column":12},"end":{"line":72,"column":12}},{"start":{"line":72,"column":12},"end":{"line":72,"column":12}}]},"11":{"line":76,"type":"if","locations":[{"start":{"line":76,"column":20},"end":{"line":76,"column":20}},{"start":{"line":76,"column":20},"end":{"line":76,"column":20}}]},"12":{"line":86,"type":"if","locations":[{"start":{"line":86,"column":8},"end":{"line":86,"column":8}},{"start":{"line":86,"column":8},"end":{"line":86,"column":8}}]},"13":{"line":90,"type":"if","locations":[{"start":{"line":90,"column":16},"end":{"line":90,"column":16}},{"start":{"line":90,"column":16},"end":{"line":90,"column":16}}]},"14":{"line":95,"type":"if","locations":[{"start":{"line":95,"column":8},"end":{"line":95,"column":8}},{"start":{"line":95,"column":8},"end":{"line":95,"column":8}}]},"15":{"line":99,"type":"if","locations":[{"start":{"line":99,"column":16},"end":{"line":99,"column":16}},{"start":{"line":99,"column":16},"end":{"line":99,"column":16}}]},"16":{"line":108,"type":"if","locations":[{"start":{"line":108,"column":12},"end":{"line":108,"column":12}},{"start":{"line":108,"column":12},"end":{"line":108,"column":12}}]},"17":{"line":108,"type":"binary-expr","locations":[{"start":{"line":108,"column":16},"end":{"line":108,"column":48}},{"start":{"line":108,"column":52},"end":{"line":108,"column":86}}]},"18":{"line":121,"type":"if","locations":[{"start":{"line":121,"column":8},"end":{"line":121,"column":8}},{"start":{"line":121,"column":8},"end":{"line":121,"column":8}}]}}},"/data/home/amyyanzhang/mg-validator/lib/field.js":{"path":"/data/home/amyyanzhang/mg-validator/lib/field.js","s":{"1":1,"2":1,"3":1,"4":1,"5":1,"6":1,"7":1,"8":618,"9":618,"10":1,"11":618,"12":618,"13":4,"14":614,"15":612,"16":612,"17":266,"18":346,"19":348,"20":1,"21":612,"22":612,"23":612,"24":104,"25":508,"26":372,"27":508,"28":34,"29":508,"30":10,"31":508,"32":508,"33":0,"34":508,"35":508,"36":1,"37":346,"38":346,"39":242,"40":104,"41":104,"42":104,"43":104,"44":104,"45":104,"46":104,"47":84,"48":84,"49":20,"50":20,"51":104,"52":104,"53":42,"54":62,"55":104,"56":1,"57":508,"58":508,"59":508,"60":32,"61":476,"62":32,"63":444,"64":40,"65":404,"66":508,"67":1,"68":404,"69":404,"70":404,"71":432,"72":432,"73":214,"74":404,"75":1,"76":32,"77":32,"78":32,"79":60,"80":60,"81":16,"82":32,"83":1,"84":40,"85":1,"86":32,"87":32,"88":32,"89":68,"90":68,"91":16,"92":32,"93":1,"94":560,"95":1,"96":618,"97":618,"98":618,"99":610,"100":618,"101":618,"102":4,"103":614,"104":618,"105":1,"106":1228,"107":1228,"108":1,"109":1},"b":{"1":[4,614],"2":[612,2],"3":[266,346],"4":[104,508],"5":[372,136],"6":[34,474],"7":[10,498],"8":[508,0],"9":[242,104],"10":[104,0],"11":[84,20],"12":[20,14],"13":[42,62],"14":[32,476],"15":[508,136],"16":[32,444],"17":[476,104],"18":[40,404],"19":[444,72],"20":[242,266],"21":[214,218],"22":[16,44],"23":[16,52],"24":[618,610],"25":[610,8],"26":[4,614],"27":[618,614],"28":[1222,6],"29":[1228,1228]},"f":{"1":1,"2":618,"3":618,"4":612,"5":346,"6":508,"7":404,"8":432,"9":32,"10":60,"11":40,"12":32,"13":68,"14":560,"15":618,"16":1228},"fnMap":{"1":{"name":"(anonymous_1)","line":7,"loc":{"start":{"line":7,"column":27},"end":{"line":7,"column":39}}},"2":{"name":"Field","line":8,"loc":{"start":{"line":8,"column":4},"end":{"line":8,"column":25}}},"3":{"name":"(anonymous_3)","line":12,"loc":{"start":{"line":12,"column":29},"end":{"line":12,"column":51}}},"4":{"name":"(anonymous_4)","line":26,"loc":{"start":{"line":26,"column":33},"end":{"line":26,"column":55}}},"5":{"name":"(anonymous_5)","line":61,"loc":{"start":{"line":61,"column":35},"end":{"line":61,"column":57}}},"6":{"name":"(anonymous_6)","line":98,"loc":{"start":{"line":98,"column":38},"end":{"line":98,"column":63}}},"7":{"name":"(anonymous_7)","line":115,"loc":{"start":{"line":115,"column":33},"end":{"line":115,"column":55}}},"8":{"name":"(anonymous_8)","line":118,"loc":{"start":{"line":118,"column":22},"end":{"line":118,"column":38}}},"9":{"name":"(anonymous_9)","line":126,"loc":{"start":{"line":126,"column":32},"end":{"line":126,"column":54}}},"10":{"name":"(anonymous_10)","line":129,"loc":{"start":{"line":129,"column":22},"end":{"line":129,"column":38}}},"11":{"name":"(anonymous_11)","line":137,"loc":{"start":{"line":137,"column":34},"end":{"line":137,"column":56}}},"12":{"name":"(anonymous_12)","line":140,"loc":{"start":{"line":140,"column":33},"end":{"line":140,"column":55}}},"13":{"name":"(anonymous_13)","line":143,"loc":{"start":{"line":143,"column":22},"end":{"line":143,"column":38}}},"14":{"name":"(anonymous_14)","line":151,"loc":{"start":{"line":151,"column":34},"end":{"line":151,"column":55}}},"15":{"name":"(anonymous_15)","line":154,"loc":{"start":{"line":154,"column":32},"end":{"line":154,"column":54}}},"16":{"name":"(anonymous_16)","line":177,"loc":{"start":{"line":177,"column":28},"end":{"line":177,"column":43}}}},"statementMap":{"1":{"start":{"line":2,"column":0},"end":{"line":2,"column":62}},"2":{"start":{"line":3,"column":0},"end":{"line":3,"column":41}},"3":{"start":{"line":4,"column":0},"end":{"line":4,"column":33}},"4":{"start":{"line":5,"column":0},"end":{"line":5,"column":37}},"5":{"start":{"line":6,"column":0},"end":{"line":6,"column":41}},"6":{"start":{"line":7,"column":0},"end":{"line":182,"column":5}},"7":{"start":{"line":8,"column":4},"end":{"line":11,"column":5}},"8":{"start":{"line":9,"column":8},"end":{"line":9,"column":25}},"9":{"start":{"line":10,"column":8},"end":{"line":10,"column":51}},"10":{"start":{"line":12,"column":4},"end":{"line":25,"column":6}},"11":{"start":{"line":13,"column":8},"end":{"line":13,"column":45}},"12":{"start":{"line":14,"column":8},"end":{"line":16,"column":9}},"13":{"start":{"line":15,"column":12},"end":{"line":15,"column":23}},"14":{"start":{"line":17,"column":8},"end":{"line":23,"column":9}},"15":{"start":{"line":18,"column":12},"end":{"line":18,"column":46}},"16":{"start":{"line":19,"column":12},"end":{"line":21,"column":13}},"17":{"start":{"line":20,"column":16},"end":{"line":20,"column":27}},"18":{"start":{"line":22,"column":12},"end":{"line":22,"column":48}},"19":{"start":{"line":24,"column":8},"end":{"line":24,"column":19}},"20":{"start":{"line":26,"column":4},"end":{"line":60,"column":6}},"21":{"start":{"line":27,"column":8},"end":{"line":27,"column":34}},"22":{"start":{"line":28,"column":8},"end":{"line":28,"column":16}},"23":{"start":{"line":29,"column":8},"end":{"line":31,"column":9}},"24":{"start":{"line":30,"column":12},"end":{"line":30,"column":79}},"25":{"start":{"line":32,"column":8},"end":{"line":37,"column":9}},"26":{"start":{"line":33,"column":12},"end":{"line":36,"column":14}},"27":{"start":{"line":38,"column":8},"end":{"line":40,"column":9}},"28":{"start":{"line":39,"column":12},"end":{"line":39,"column":45}},"29":{"start":{"line":41,"column":8},"end":{"line":43,"column":9}},"30":{"start":{"line":42,"column":12},"end":{"line":42,"column":44}},"31":{"start":{"line":44,"column":8},"end":{"line":52,"column":9}},"32":{"start":{"line":45,"column":12},"end":{"line":48,"column":15}},"33":{"start":{"line":51,"column":12},"end":{"line":51,"column":59}},"34":{"start":{"line":53,"column":8},"end":{"line":58,"column":10}},"35":{"start":{"line":59,"column":8},"end":{"line":59,"column":55}},"36":{"start":{"line":61,"column":4},"end":{"line":97,"column":6}},"37":{"start":{"line":62,"column":8},"end":{"line":62,"column":38}},"38":{"start":{"line":63,"column":8},"end":{"line":65,"column":9}},"39":{"start":{"line":64,"column":12},"end":{"line":64,"column":79}},"40":{"start":{"line":66,"column":8},"end":{"line":71,"column":9}},"41":{"start":{"line":67,"column":12},"end":{"line":70,"column":14}},"42":{"start":{"line":72,"column":8},"end":{"line":72,"column":56}},"43":{"start":{"line":73,"column":8},"end":{"line":73,"column":61}},"44":{"start":{"line":74,"column":8},"end":{"line":74,"column":24}},"45":{"start":{"line":75,"column":8},"end":{"line":75,"column":16}},"46":{"start":{"line":76,"column":8},"end":{"line":83,"column":9}},"47":{"start":{"line":77,"column":12},"end":{"line":77,"column":47}},"48":{"start":{"line":78,"column":12},"end":{"line":78,"column":54}},"49":{"start":{"line":81,"column":12},"end":{"line":81,"column":97}},"50":{"start":{"line":82,"column":12},"end":{"line":82,"column":83}},"51":{"start":{"line":84,"column":8},"end":{"line":89,"column":10}},"52":{"start":{"line":90,"column":8},"end":{"line":95,"column":9}},"53":{"start":{"line":91,"column":12},"end":{"line":91,"column":62}},"54":{"start":{"line":94,"column":12},"end":{"line":94,"column":48}},"55":{"start":{"line":96,"column":8},"end":{"line":96,"column":55}},"56":{"start":{"line":98,"column":4},"end":{"line":114,"column":6}},"57":{"start":{"line":99,"column":8},"end":{"line":99,"column":16}},"58":{"start":{"line":100,"column":8},"end":{"line":100,"column":33}},"59":{"start":{"line":101,"column":8},"end":{"line":112,"column":9}},"60":{"start":{"line":102,"column":12},"end":{"line":102,"column":53}},"61":{"start":{"line":104,"column":13},"end":{"line":112,"column":9}},"62":{"start":{"line":105,"column":12},"end":{"line":105,"column":54}},"63":{"start":{"line":107,"column":13},"end":{"line":112,"column":9}},"64":{"start":{"line":108,"column":12},"end":{"line":108,"column":55}},"65":{"start":{"line":111,"column":12},"end":{"line":111,"column":54}},"66":{"start":{"line":113,"column":8},"end":{"line":113,"column":95}},"67":{"start":{"line":115,"column":4},"end":{"line":125,"column":6}},"68":{"start":{"line":116,"column":8},"end":{"line":116,"column":25}},"69":{"start":{"line":117,"column":8},"end":{"line":117,"column":23}},"70":{"start":{"line":118,"column":8},"end":{"line":123,"column":11}},"71":{"start":{"line":119,"column":12},"end":{"line":119,"column":63}},"72":{"start":{"line":120,"column":12},"end":{"line":122,"column":13}},"73":{"start":{"line":121,"column":16},"end":{"line":121,"column":28}},"74":{"start":{"line":124,"column":8},"end":{"line":124,"column":19}},"75":{"start":{"line":126,"column":4},"end":{"line":136,"column":6}},"76":{"start":{"line":127,"column":8},"end":{"line":127,"column":25}},"77":{"start":{"line":128,"column":8},"end":{"line":128,"column":24}},"78":{"start":{"line":129,"column":8},"end":{"line":134,"column":11}},"79":{"start":{"line":130,"column":12},"end":{"line":130,"column":63}},"80":{"start":{"line":131,"column":12},"end":{"line":133,"column":13}},"81":{"start":{"line":132,"column":16},"end":{"line":132,"column":27}},"82":{"start":{"line":135,"column":8},"end":{"line":135,"column":19}},"83":{"start":{"line":137,"column":4},"end":{"line":139,"column":6}},"84":{"start":{"line":138,"column":8},"end":{"line":138,"column":66}},"85":{"start":{"line":140,"column":4},"end":{"line":150,"column":6}},"86":{"start":{"line":141,"column":8},"end":{"line":141,"column":25}},"87":{"start":{"line":142,"column":8},"end":{"line":142,"column":23}},"88":{"start":{"line":143,"column":8},"end":{"line":148,"column":11}},"89":{"start":{"line":144,"column":12},"end":{"line":144,"column":63}},"90":{"start":{"line":145,"column":12},"end":{"line":147,"column":13}},"91":{"start":{"line":146,"column":16},"end":{"line":146,"column":28}},"92":{"start":{"line":149,"column":8},"end":{"line":149,"column":19}},"93":{"start":{"line":151,"column":4},"end":{"line":153,"column":6}},"94":{"start":{"line":152,"column":8},"end":{"line":152,"column":25}},"95":{"start":{"line":154,"column":4},"end":{"line":176,"column":6}},"96":{"start":{"line":155,"column":8},"end":{"line":155,"column":51}},"97":{"start":{"line":156,"column":8},"end":{"line":156,"column":16}},"98":{"start":{"line":157,"column":8},"end":{"line":162,"column":9}},"99":{"start":{"line":158,"column":12},"end":{"line":161,"column":14}},"100":{"start":{"line":163,"column":8},"end":{"line":168,"column":10}},"101":{"start":{"line":169,"column":8},"end":{"line":174,"column":9}},"102":{"start":{"line":170,"column":12},"end":{"line":170,"column":62}},"103":{"start":{"line":173,"column":12},"end":{"line":173,"column":48}},"104":{"start":{"line":175,"column":8},"end":{"line":175,"column":55}},"105":{"start":{"line":177,"column":4},"end":{"line":180,"column":6}},"106":{"start":{"line":178,"column":8},"end":{"line":178,"column":29}},"107":{"start":{"line":179,"column":8},"end":{"line":179,"column":73}},"108":{"start":{"line":181,"column":4},"end":{"line":181,"column":17}},"109":{"start":{"line":183,"column":0},"end":{"line":183,"column":22}}},"branchMap":{"1":{"line":14,"type":"if","locations":[{"start":{"line":14,"column":8},"end":{"line":14,"column":8}},{"start":{"line":14,"column":8},"end":{"line":14,"column":8}}]},"2":{"line":17,"type":"if","locations":[{"start":{"line":17,"column":8},"end":{"line":17,"column":8}},{"start":{"line":17,"column":8},"end":{"line":17,"column":8}}]},"3":{"line":19,"type":"if","locations":[{"start":{"line":19,"column":12},"end":{"line":19,"column":12}},{"start":{"line":19,"column":12},"end":{"line":19,"column":12}}]},"4":{"line":29,"type":"if","locations":[{"start":{"line":29,"column":8},"end":{"line":29,"column":8}},{"start":{"line":29,"column":8},"end":{"line":29,"column":8}}]},"5":{"line":32,"type":"if","locations":[{"start":{"line":32,"column":8},"end":{"line":32,"column":8}},{"start":{"line":32,"column":8},"end":{"line":32,"column":8}}]},"6":{"line":38,"type":"if","locations":[{"start":{"line":38,"column":8},"end":{"line":38,"column":8}},{"start":{"line":38,"column":8},"end":{"line":38,"column":8}}]},"7":{"line":41,"type":"if","locations":[{"start":{"line":41,"column":8},"end":{"line":41,"column":8}},{"start":{"line":41,"column":8},"end":{"line":41,"column":8}}]},"8":{"line":44,"type":"if","locations":[{"start":{"line":44,"column":8},"end":{"line":44,"column":8}},{"start":{"line":44,"column":8},"end":{"line":44,"column":8}}]},"9":{"line":63,"type":"if","locations":[{"start":{"line":63,"column":8},"end":{"line":63,"column":8}},{"start":{"line":63,"column":8},"end":{"line":63,"column":8}}]},"10":{"line":66,"type":"if","locations":[{"start":{"line":66,"column":8},"end":{"line":66,"column":8}},{"start":{"line":66,"column":8},"end":{"line":66,"column":8}}]},"11":{"line":76,"type":"if","locations":[{"start":{"line":76,"column":8},"end":{"line":76,"column":8}},{"start":{"line":76,"column":8},"end":{"line":76,"column":8}}]},"12":{"line":82,"type":"binary-expr","locations":[{"start":{"line":82,"column":18},"end":{"line":82,"column":48}},{"start":{"line":82,"column":52},"end":{"line":82,"column":82}}]},"13":{"line":90,"type":"if","locations":[{"start":{"line":90,"column":8},"end":{"line":90,"column":8}},{"start":{"line":90,"column":8},"end":{"line":90,"column":8}}]},"14":{"line":101,"type":"if","locations":[{"start":{"line":101,"column":8},"end":{"line":101,"column":8}},{"start":{"line":101,"column":8},"end":{"line":101,"column":8}}]},"15":{"line":101,"type":"binary-expr","locations":[{"start":{"line":101,"column":12},"end":{"line":101,"column":16}},{"start":{"line":101,"column":20},"end":{"line":101,"column":33}}]},"16":{"line":104,"type":"if","locations":[{"start":{"line":104,"column":13},"end":{"line":104,"column":13}},{"start":{"line":104,"column":13},"end":{"line":104,"column":13}}]},"17":{"line":104,"type":"binary-expr","locations":[{"start":{"line":104,"column":17},"end":{"line":104,"column":21}},{"start":{"line":104,"column":25},"end":{"line":104,"column":39}}]},"18":{"line":107,"type":"if","locations":[{"start":{"line":107,"column":13},"end":{"line":107,"column":13}},{"start":{"line":107,"column":13},"end":{"line":107,"column":13}}]},"19":{"line":107,"type":"binary-expr","locations":[{"start":{"line":107,"column":17},"end":{"line":107,"column":21}},{"start":{"line":107,"column":25},"end":{"line":107,"column":44}}]},"20":{"line":113,"type":"cond-expr","locations":[{"start":{"line":113,"column":21},"end":{"line":113,"column":50}},{"start":{"line":113,"column":53},"end":{"line":113,"column":94}}]},"21":{"line":120,"type":"if","locations":[{"start":{"line":120,"column":12},"end":{"line":120,"column":12}},{"start":{"line":120,"column":12},"end":{"line":120,"column":12}}]},"22":{"line":131,"type":"if","locations":[{"start":{"line":131,"column":12},"end":{"line":131,"column":12}},{"start":{"line":131,"column":12},"end":{"line":131,"column":12}}]},"23":{"line":145,"type":"if","locations":[{"start":{"line":145,"column":12},"end":{"line":145,"column":12}},{"start":{"line":145,"column":12},"end":{"line":145,"column":12}}]},"24":{"line":155,"type":"binary-expr","locations":[{"start":{"line":155,"column":27},"end":{"line":155,"column":41}},{"start":{"line":155,"column":45},"end":{"line":155,"column":50}}]},"25":{"line":157,"type":"if","locations":[{"start":{"line":157,"column":8},"end":{"line":157,"column":8}},{"start":{"line":157,"column":8},"end":{"line":157,"column":8}}]},"26":{"line":169,"type":"if","locations":[{"start":{"line":169,"column":8},"end":{"line":169,"column":8}},{"start":{"line":169,"column":8},"end":{"line":169,"column":8}}]},"27":{"line":169,"type":"binary-expr","locations":[{"start":{"line":169,"column":12},"end":{"line":169,"column":30}},{"start":{"line":169,"column":34},"end":{"line":169,"column":50}}]},"28":{"line":179,"type":"cond-expr","locations":[{"start":{"line":179,"column":60},"end":{"line":179,"column":64}},{"start":{"line":179,"column":67},"end":{"line":179,"column":72}}]},"29":{"line":179,"type":"binary-expr","locations":[{"start":{"line":179,"column":16},"end":{"line":179,"column":28}},{"start":{"line":179,"column":33},"end":{"line":179,"column":57}}]}}},"/data/home/amyyanzhang/mg-validator/lib/interface.js":{"path":"/data/home/amyyanzhang/mg-validator/lib/interface.js","s":{"1":1,"2":1,"3":1,"4":1,"5":1,"6":1,"7":1,"8":1,"9":1,"10":1,"11":1,"12":1,"13":1,"14":1},"b":{"1":[1,1],"2":[1,1]},"f":{"1":1,"2":1},"fnMap":{"1":{"name":"(anonymous_1)","line":4,"loc":{"start":{"line":4,"column":1},"end":{"line":4,"column":22}}},"2":{"name":"(anonymous_2)","line":10,"loc":{"start":{"line":10,"column":1},"end":{"line":10,"column":20}}}},"statementMap":{"1":{"start":{"line":2,"column":0},"end":{"line":2,"column":62}},"2":{"start":{"line":3,"column":0},"end":{"line":3,"column":14}},"3":{"start":{"line":4,"column":0},"end":{"line":8,"column":62}},"4":{"start":{"line":5,"column":4},"end":{"line":5,"column":31}},"5":{"start":{"line":6,"column":4},"end":{"line":6,"column":35}},"6":{"start":{"line":7,"column":4},"end":{"line":7,"column":39}},"7":{"start":{"line":9,"column":0},"end":{"line":9,"column":12}},"8":{"start":{"line":10,"column":0},"end":{"line":17,"column":56}},"9":{"start":{"line":11,"column":4},"end":{"line":11,"column":27}},"10":{"start":{"line":12,"column":4},"end":{"line":12,"column":27}},"11":{"start":{"line":13,"column":4},"end":{"line":13,"column":28}},"12":{"start":{"line":14,"column":4},"end":{"line":14,"column":28}},"13":{"start":{"line":15,"column":4},"end":{"line":15,"column":27}},"14":{"start":{"line":16,"column":4},"end":{"line":16,"column":27}}},"branchMap":{"1":{"line":8,"type":"binary-expr","locations":[{"start":{"line":8,"column":15},"end":{"line":8,"column":32}},{"start":{"line":8,"column":37},"end":{"line":8,"column":59}}]},"2":{"line":17,"type":"binary-expr","locations":[{"start":{"line":17,"column":13},"end":{"line":17,"column":28}},{"start":{"line":17,"column":33},"end":{"line":17,"column":53}}]}}},"/data/home/amyyanzhang/mg-validator/lib/types.js":{"path":"/data/home/amyyanzhang/mg-validator/lib/types.js","s":{"1":1,"2":1,"3":1,"4":1,"5":42,"6":42,"7":42,"8":42,"9":42,"10":1,"11":34,"12":1,"13":40,"14":1,"15":202,"16":202,"17":1,"18":20,"19":20,"20":20,"21":1,"22":24,"23":24,"24":1,"25":26,"26":26,"27":1,"28":34,"29":1,"30":24,"31":1,"32":22,"33":1,"34":32,"35":1,"36":24,"37":24,"38":24,"39":1,"40":32,"41":2,"42":30,"43":30,"44":22,"45":8,"46":1,"47":12,"48":12,"49":12,"50":1,"51":44,"52":1,"53":4,"54":4,"55":4,"56":1,"57":24,"58":24,"59":24,"60":1,"61":4,"62":1,"63":18,"64":1,"65":38,"66":1,"67":20,"68":20,"69":1,"70":48,"71":48,"72":48,"73":20,"74":28,"75":28,"76":1,"77":8,"78":1,"79":8,"80":1,"81":8,"82":1,"83":9,"84":9,"85":1,"86":10,"87":1,"88":1,"89":1,"90":1,"91":1,"92":1,"93":1,"94":1,"95":1,"96":1,"97":1,"98":1,"99":1,"100":1,"101":1,"102":1,"103":1,"104":1,"105":1,"106":1,"107":1,"108":1,"109":1,"110":1,"111":1,"112":1,"113":9,"114":1,"115":2,"116":2,"117":1,"118":8,"119":8,"120":8,"121":8,"122":392,"123":4,"124":392,"125":49,"126":8,"127":1,"128":388,"129":1,"130":11,"131":11,"132":3,"133":8,"134":4,"135":4,"136":2,"137":4,"138":4,"139":4,"140":8,"141":1,"142":2,"143":1,"144":1,"145":1,"146":1,"147":1,"148":40,"149":40,"150":1,"151":40,"152":40,"153":6,"154":34,"155":34,"156":1,"157":34,"158":34,"159":116,"160":16,"161":34,"162":1,"163":34,"164":34,"165":34,"166":34,"167":150,"168":34,"169":34,"170":34,"171":34,"172":16,"173":16,"174":16,"175":16,"176":16,"177":16,"178":34,"179":1,"180":38,"181":38,"182":2,"183":38,"184":172,"185":2,"186":38,"187":1,"188":40,"189":40,"190":178,"191":2,"192":40,"193":1,"194":34,"195":1,"196":34,"197":34,"198":2,"199":32,"200":2,"201":30,"202":2,"203":28,"204":12,"205":4,"206":34,"207":1,"208":16,"209":16,"210":2,"211":16,"212":1,"213":32,"214":1,"215":24,"216":1,"217":34,"218":34,"219":150,"220":34,"221":1,"222":1},"b":{"1":[42,0],"2":[42,0],"3":[42,16,16],"4":[202,0,202],"5":[12,8],"6":[12,6],"7":[24,20],"8":[22,4],"9":[22,22],"10":[16,8],"11":[2,30],"12":[22,18],"13":[6,6],"14":[4,0],"15":[4,4],"16":[12,12],"17":[12,12],"18":[18,16],"19":[20,28],"20":[48,46,28],"21":[28,22,16,10],"22":[0,10],"23":[4,388],"24":[392,388],"25":[49,343],"26":[392,0,0],"27":[3,8],"28":[11,9,6],"29":[4,4],"30":[2,2],"31":[4,0],"32":[4,4],"33":[6,34],"34":[40,38],"35":[16,100],"36":[34,34,16,16,16],"37":[2,36],"38":[2,170],"39":[2,176],"40":[34,32],"41":[2,32],"42":[2,30],"43":[32,30,30,26,26,26,26,16],"44":[2,28],"45":[30,30,26,26,4],"46":[12,16],"47":[4,8],"48":[12,8,12,4],"49":[2,14],"50":[24,16,8]},"f":{"1":1,"2":313,"3":42,"4":34,"5":40,"6":202,"7":20,"8":24,"9":26,"10":34,"11":24,"12":22,"13":32,"14":24,"15":32,"16":12,"17":44,"18":4,"19":24,"20":4,"21":18,"22":38,"23":20,"24":48,"25":8,"26":8,"27":8,"28":9,"29":10,"30":1,"31":9,"32":2,"33":2,"34":8,"35":392,"36":388,"37":11,"38":2,"39":1,"40":40,"41":40,"42":40,"43":34,"44":116,"45":34,"46":150,"47":38,"48":172,"49":40,"50":178,"51":34,"52":34,"53":16,"54":32,"55":24,"56":34,"57":150},"fnMap":{"1":{"name":"(anonymous_1)","line":3,"loc":{"start":{"line":3,"column":26},"end":{"line":3,"column":38}}},"2":{"name":"type","line":4,"loc":{"start":{"line":4,"column":4},"end":{"line":4,"column":20}}},"3":{"name":"(anonymous_3)","line":6,"loc":{"start":{"line":6,"column":14},"end":{"line":6,"column":29}}},"4":{"name":"(anonymous_4)","line":14,"loc":{"start":{"line":14,"column":14},"end":{"line":14,"column":29}}},"5":{"name":"(anonymous_5)","line":17,"loc":{"start":{"line":17,"column":14},"end":{"line":17,"column":29}}},"6":{"name":"(anonymous_6)","line":20,"loc":{"start":{"line":20,"column":18},"end":{"line":20,"column":33}}},"7":{"name":"(anonymous_7)","line":25,"loc":{"start":{"line":25,"column":20},"end":{"line":25,"column":35}}},"8":{"name":"(anonymous_8)","line":31,"loc":{"start":{"line":31,"column":20},"end":{"line":31,"column":35}}},"9":{"name":"(anonymous_9)","line":35,"loc":{"start":{"line":35,"column":15},"end":{"line":35,"column":30}}},"10":{"name":"(anonymous_10)","line":39,"loc":{"start":{"line":39,"column":19},"end":{"line":39,"column":34}}},"11":{"name":"(anonymous_11)","line":42,"loc":{"start":{"line":42,"column":17},"end":{"line":42,"column":32}}},"12":{"name":"(anonymous_12)","line":45,"loc":{"start":{"line":45,"column":21},"end":{"line":45,"column":36}}},"13":{"name":"(anonymous_13)","line":48,"loc":{"start":{"line":48,"column":21},"end":{"line":48,"column":36}}},"14":{"name":"(anonymous_14)","line":51,"loc":{"start":{"line":51,"column":15},"end":{"line":51,"column":30}}},"15":{"name":"(anonymous_15)","line":65,"loc":{"start":{"line":65,"column":16},"end":{"line":65,"column":31}}},"16":{"name":"(anonymous_16)","line":76,"loc":{"start":{"line":76,"column":23},"end":{"line":76,"column":38}}},"17":{"name":"(anonymous_17)","line":81,"loc":{"start":{"line":81,"column":18},"end":{"line":81,"column":33}}},"18":{"name":"(anonymous_18)","line":84,"loc":{"start":{"line":84,"column":26},"end":{"line":84,"column":41}}},"19":{"name":"(anonymous_19)","line":89,"loc":{"start":{"line":89,"column":21},"end":{"line":89,"column":36}}},"20":{"name":"(anonymous_20)","line":94,"loc":{"start":{"line":94,"column":16},"end":{"line":94,"column":31}}},"21":{"name":"(anonymous_21)","line":97,"loc":{"start":{"line":97,"column":14},"end":{"line":97,"column":29}}},"22":{"name":"(anonymous_22)","line":100,"loc":{"start":{"line":100,"column":16},"end":{"line":100,"column":31}}},"23":{"name":"(anonymous_23)","line":103,"loc":{"start":{"line":103,"column":16},"end":{"line":103,"column":31}}},"24":{"name":"(anonymous_24)","line":107,"loc":{"start":{"line":107,"column":18},"end":{"line":107,"column":33}}},"25":{"name":"(anonymous_25)","line":115,"loc":{"start":{"line":115,"column":15},"end":{"line":115,"column":32}}},"26":{"name":"(anonymous_26)","line":121,"loc":{"start":{"line":121,"column":14},"end":{"line":121,"column":31}}},"27":{"name":"(anonymous_27)","line":127,"loc":{"start":{"line":127,"column":15},"end":{"line":127,"column":32}}},"28":{"name":"(anonymous_28)","line":133,"loc":{"start":{"line":133,"column":18},"end":{"line":133,"column":38}}},"29":{"name":"(anonymous_29)","line":137,"loc":{"start":{"line":137,"column":20},"end":{"line":137,"column":41}}},"30":{"name":"(anonymous_30)","line":165,"loc":{"start":{"line":165,"column":33},"end":{"line":165,"column":45}}},"31":{"name":"ExtendTypes","line":166,"loc":{"start":{"line":166,"column":4},"end":{"line":166,"column":27}}},"32":{"name":"(anonymous_32)","line":169,"loc":{"start":{"line":169,"column":35},"end":{"line":169,"column":53}}},"33":{"name":"(anonymous_33)","line":170,"loc":{"start":{"line":170,"column":15},"end":{"line":170,"column":30}}},"34":{"name":"(anonymous_34)","line":174,"loc":{"start":{"line":174,"column":39},"end":{"line":174,"column":54}}},"35":{"name":"(anonymous_35)","line":178,"loc":{"start":{"line":178,"column":23},"end":{"line":178,"column":40}}},"36":{"name":"(anonymous_36)","line":188,"loc":{"start":{"line":188,"column":40},"end":{"line":188,"column":55}}},"37":{"name":"(anonymous_37)","line":191,"loc":{"start":{"line":191,"column":32},"end":{"line":191,"column":53}}},"38":{"name":"(anonymous_38)","line":207,"loc":{"start":{"line":207,"column":35},"end":{"line":207,"column":55}}},"39":{"name":"(anonymous_39)","line":213,"loc":{"start":{"line":213,"column":30},"end":{"line":213,"column":42}}},"40":{"name":"Datetime","line":214,"loc":{"start":{"line":214,"column":4},"end":{"line":214,"column":24}}},"41":{"name":"(anonymous_41)","line":216,"loc":{"start":{"line":216,"column":23},"end":{"line":216,"column":44}}},"42":{"name":"(anonymous_42)","line":220,"loc":{"start":{"line":220,"column":33},"end":{"line":220,"column":54}}},"43":{"name":"(anonymous_43)","line":228,"loc":{"start":{"line":228,"column":34},"end":{"line":228,"column":49}}},"44":{"name":"(anonymous_44)","line":230,"loc":{"start":{"line":230,"column":20},"end":{"line":230,"column":36}}},"45":{"name":"(anonymous_45)","line":236,"loc":{"start":{"line":236,"column":35},"end":{"line":236,"column":63}}},"46":{"name":"(anonymous_46)","line":240,"loc":{"start":{"line":240,"column":24},"end":{"line":240,"column":47}}},"47":{"name":"(anonymous_47)","line":262,"loc":{"start":{"line":262,"column":34},"end":{"line":262,"column":62}}},"48":{"name":"(anonymous_48)","line":267,"loc":{"start":{"line":267,"column":24},"end":{"line":267,"column":47}}},"49":{"name":"(anonymous_49)","line":274,"loc":{"start":{"line":274,"column":34},"end":{"line":274,"column":50}}},"50":{"name":"(anonymous_50)","line":276,"loc":{"start":{"line":276,"column":21},"end":{"line":276,"column":37}}},"51":{"name":"(anonymous_51)","line":285,"loc":{"start":{"line":285,"column":36},"end":{"line":285,"column":53}}},"52":{"name":"(anonymous_52)","line":289,"loc":{"start":{"line":289,"column":36},"end":{"line":289,"column":64}}},"53":{"name":"(anonymous_53)","line":312,"loc":{"start":{"line":312,"column":36},"end":{"line":312,"column":58}}},"54":{"name":"(anonymous_54)","line":320,"loc":{"start":{"line":320,"column":36},"end":{"line":320,"column":51}}},"55":{"name":"(anonymous_55)","line":324,"loc":{"start":{"line":324,"column":36},"end":{"line":324,"column":52}}},"56":{"name":"(anonymous_56)","line":327,"loc":{"start":{"line":327,"column":31},"end":{"line":327,"column":46}}},"57":{"name":"(anonymous_57)","line":329,"loc":{"start":{"line":329,"column":20},"end":{"line":329,"column":36}}}},"statementMap":{"1":{"start":{"line":2,"column":0},"end":{"line":2,"column":62}},"2":{"start":{"line":3,"column":0},"end":{"line":163,"column":5}},"3":{"start":{"line":4,"column":4},"end":{"line":5,"column":5}},"4":{"start":{"line":6,"column":4},"end":{"line":13,"column":6}},"5":{"start":{"line":7,"column":8},"end":{"line":7,"column":25}},"6":{"start":{"line":8,"column":8},"end":{"line":11,"column":9}},"7":{"start":{"line":9,"column":12},"end":{"line":9,"column":53}},"8":{"start":{"line":10,"column":12},"end":{"line":10,"column":81}},"9":{"start":{"line":12,"column":8},"end":{"line":12,"column":20}},"10":{"start":{"line":14,"column":4},"end":{"line":16,"column":6}},"11":{"start":{"line":15,"column":8},"end":{"line":15,"column":46}},"12":{"start":{"line":17,"column":4},"end":{"line":19,"column":6}},"13":{"start":{"line":18,"column":8},"end":{"line":18,"column":39}},"14":{"start":{"line":20,"column":4},"end":{"line":23,"column":6}},"15":{"start":{"line":21,"column":8},"end":{"line":21,"column":32}},"16":{"start":{"line":22,"column":8},"end":{"line":22,"column":129}},"17":{"start":{"line":25,"column":4},"end":{"line":29,"column":6}},"18":{"start":{"line":26,"column":8},"end":{"line":26,"column":32}},"19":{"start":{"line":27,"column":8},"end":{"line":27,"column":128}},"20":{"start":{"line":28,"column":8},"end":{"line":28,"column":20}},"21":{"start":{"line":31,"column":4},"end":{"line":34,"column":6}},"22":{"start":{"line":32,"column":8},"end":{"line":32,"column":96}},"23":{"start":{"line":33,"column":8},"end":{"line":33,"column":20}},"24":{"start":{"line":35,"column":4},"end":{"line":38,"column":6}},"25":{"start":{"line":36,"column":8},"end":{"line":36,"column":32}},"26":{"start":{"line":37,"column":8},"end":{"line":37,"column":76}},"27":{"start":{"line":39,"column":4},"end":{"line":41,"column":6}},"28":{"start":{"line":40,"column":8},"end":{"line":40,"column":43}},"29":{"start":{"line":42,"column":4},"end":{"line":44,"column":6}},"30":{"start":{"line":43,"column":8},"end":{"line":43,"column":84}},"31":{"start":{"line":45,"column":4},"end":{"line":47,"column":6}},"32":{"start":{"line":46,"column":8},"end":{"line":46,"column":41}},"33":{"start":{"line":48,"column":4},"end":{"line":50,"column":6}},"34":{"start":{"line":49,"column":8},"end":{"line":49,"column":41}},"35":{"start":{"line":51,"column":4},"end":{"line":64,"column":6}},"36":{"start":{"line":52,"column":8},"end":{"line":61,"column":54}},"37":{"start":{"line":62,"column":8},"end":{"line":62,"column":38}},"38":{"start":{"line":63,"column":8},"end":{"line":63,"column":43}},"39":{"start":{"line":65,"column":4},"end":{"line":75,"column":6}},"40":{"start":{"line":66,"column":8},"end":{"line":68,"column":9}},"41":{"start":{"line":67,"column":12},"end":{"line":67,"column":25}},"42":{"start":{"line":69,"column":8},"end":{"line":73,"column":21}},"43":{"start":{"line":70,"column":12},"end":{"line":70,"column":38}},"44":{"start":{"line":71,"column":12},"end":{"line":71,"column":52}},"45":{"start":{"line":74,"column":8},"end":{"line":74,"column":21}},"46":{"start":{"line":76,"column":4},"end":{"line":80,"column":6}},"47":{"start":{"line":77,"column":8},"end":{"line":77,"column":54}},"48":{"start":{"line":78,"column":8},"end":{"line":78,"column":43}},"49":{"start":{"line":79,"column":8},"end":{"line":79,"column":41}},"50":{"start":{"line":81,"column":4},"end":{"line":83,"column":6}},"51":{"start":{"line":82,"column":8},"end":{"line":82,"column":58}},"52":{"start":{"line":84,"column":4},"end":{"line":88,"column":6}},"53":{"start":{"line":85,"column":8},"end":{"line":85,"column":32}},"54":{"start":{"line":86,"column":8},"end":{"line":86,"column":35}},"55":{"start":{"line":87,"column":8},"end":{"line":87,"column":80}},"56":{"start":{"line":89,"column":4},"end":{"line":93,"column":6}},"57":{"start":{"line":90,"column":8},"end":{"line":90,"column":32}},"58":{"start":{"line":91,"column":8},"end":{"line":91,"column":35}},"59":{"start":{"line":92,"column":8},"end":{"line":92,"column":80}},"60":{"start":{"line":94,"column":4},"end":{"line":96,"column":6}},"61":{"start":{"line":95,"column":8},"end":{"line":95,"column":124}},"62":{"start":{"line":97,"column":4},"end":{"line":99,"column":6}},"63":{"start":{"line":98,"column":8},"end":{"line":98,"column":48}},"64":{"start":{"line":100,"column":4},"end":{"line":102,"column":6}},"65":{"start":{"line":101,"column":8},"end":{"line":101,"column":196}},"66":{"start":{"line":103,"column":4},"end":{"line":106,"column":6}},"67":{"start":{"line":104,"column":8},"end":{"line":104,"column":1100}},"68":{"start":{"line":105,"column":8},"end":{"line":105,"column":29}},"69":{"start":{"line":107,"column":4},"end":{"line":114,"column":6}},"70":{"start":{"line":108,"column":8},"end":{"line":108,"column":41}},"71":{"start":{"line":109,"column":8},"end":{"line":109,"column":29}},"72":{"start":{"line":110,"column":8},"end":{"line":111,"column":25}},"73":{"start":{"line":111,"column":12},"end":{"line":111,"column":25}},"74":{"start":{"line":112,"column":8},"end":{"line":112,"column":48}},"75":{"start":{"line":113,"column":8},"end":{"line":113,"column":129}},"76":{"start":{"line":115,"column":4},"end":{"line":120,"column":6}},"77":{"start":{"line":116,"column":8},"end":{"line":119,"column":10}},"78":{"start":{"line":121,"column":4},"end":{"line":126,"column":6}},"79":{"start":{"line":122,"column":8},"end":{"line":125,"column":10}},"80":{"start":{"line":127,"column":4},"end":{"line":132,"column":6}},"81":{"start":{"line":128,"column":8},"end":{"line":131,"column":10}},"82":{"start":{"line":133,"column":4},"end":{"line":136,"column":6}},"83":{"start":{"line":134,"column":8},"end":{"line":134,"column":34}},"84":{"start":{"line":135,"column":8},"end":{"line":135,"column":31}},"85":{"start":{"line":137,"column":4},"end":{"line":139,"column":6}},"86":{"start":{"line":138,"column":8},"end":{"line":138,"column":84}},"87":{"start":{"line":140,"column":4},"end":{"line":140,"column":22}},"88":{"start":{"line":141,"column":4},"end":{"line":141,"column":22}},"89":{"start":{"line":142,"column":4},"end":{"line":142,"column":22}},"90":{"start":{"line":143,"column":4},"end":{"line":143,"column":30}},"91":{"start":{"line":144,"column":4},"end":{"line":144,"column":34}},"92":{"start":{"line":145,"column":4},"end":{"line":145,"column":34}},"93":{"start":{"line":146,"column":4},"end":{"line":146,"column":24}},"94":{"start":{"line":147,"column":4},"end":{"line":147,"column":32}},"95":{"start":{"line":148,"column":4},"end":{"line":148,"column":28}},"96":{"start":{"line":149,"column":4},"end":{"line":149,"column":36}},"97":{"start":{"line":150,"column":4},"end":{"line":150,"column":36}},"98":{"start":{"line":151,"column":4},"end":{"line":151,"column":24}},"99":{"start":{"line":152,"column":4},"end":{"line":152,"column":26}},"100":{"start":{"line":153,"column":4},"end":{"line":153,"column":40}},"101":{"start":{"line":154,"column":4},"end":{"line":154,"column":40}},"102":{"start":{"line":155,"column":4},"end":{"line":155,"column":45}},"103":{"start":{"line":156,"column":4},"end":{"line":156,"column":36}},"104":{"start":{"line":157,"column":4},"end":{"line":157,"column":26}},"105":{"start":{"line":158,"column":4},"end":{"line":158,"column":22}},"106":{"start":{"line":159,"column":4},"end":{"line":159,"column":26}},"107":{"start":{"line":160,"column":4},"end":{"line":160,"column":26}},"108":{"start":{"line":161,"column":4},"end":{"line":161,"column":30}},"109":{"start":{"line":162,"column":4},"end":{"line":162,"column":16}},"110":{"start":{"line":164,"column":0},"end":{"line":164,"column":20}},"111":{"start":{"line":165,"column":0},"end":{"line":211,"column":5}},"112":{"start":{"line":166,"column":4},"end":{"line":168,"column":5}},"113":{"start":{"line":167,"column":8},"end":{"line":167,"column":24}},"114":{"start":{"line":169,"column":4},"end":{"line":173,"column":6}},"115":{"start":{"line":170,"column":8},"end":{"line":172,"column":10}},"116":{"start":{"line":171,"column":12},"end":{"line":171,"column":36}},"117":{"start":{"line":174,"column":4},"end":{"line":187,"column":6}},"118":{"start":{"line":175,"column":8},"end":{"line":175,"column":25}},"119":{"start":{"line":176,"column":8},"end":{"line":176,"column":24}},"120":{"start":{"line":177,"column":8},"end":{"line":177,"column":39}},"121":{"start":{"line":178,"column":8},"end":{"line":185,"column":11}},"122":{"start":{"line":179,"column":12},"end":{"line":181,"column":13}},"123":{"start":{"line":180,"column":16},"end":{"line":180,"column":27}},"124":{"start":{"line":182,"column":12},"end":{"line":184,"column":13}},"125":{"start":{"line":183,"column":16},"end":{"line":183,"column":27}},"126":{"start":{"line":186,"column":8},"end":{"line":186,"column":19}},"127":{"start":{"line":188,"column":4},"end":{"line":190,"column":6}},"128":{"start":{"line":189,"column":8},"end":{"line":189,"column":33}},"129":{"start":{"line":191,"column":4},"end":{"line":206,"column":6}},"130":{"start":{"line":192,"column":8},"end":{"line":192,"column":24}},"131":{"start":{"line":193,"column":8},"end":{"line":194,"column":24}},"132":{"start":{"line":194,"column":12},"end":{"line":194,"column":24}},"133":{"start":{"line":195,"column":8},"end":{"line":204,"column":9}},"134":{"start":{"line":196,"column":12},"end":{"line":196,"column":26}},"135":{"start":{"line":197,"column":12},"end":{"line":199,"column":13}},"136":{"start":{"line":198,"column":16},"end":{"line":198,"column":39}},"137":{"start":{"line":200,"column":12},"end":{"line":202,"column":13}},"138":{"start":{"line":201,"column":16},"end":{"line":201,"column":37}},"139":{"start":{"line":203,"column":12},"end":{"line":203,"column":23}},"140":{"start":{"line":205,"column":8},"end":{"line":205,"column":33}},"141":{"start":{"line":207,"column":4},"end":{"line":209,"column":6}},"142":{"start":{"line":208,"column":8},"end":{"line":208,"column":34}},"143":{"start":{"line":210,"column":4},"end":{"line":210,"column":23}},"144":{"start":{"line":212,"column":0},"end":{"line":212,"column":34}},"145":{"start":{"line":213,"column":0},"end":{"line":335,"column":5}},"146":{"start":{"line":214,"column":4},"end":{"line":215,"column":5}},"147":{"start":{"line":216,"column":4},"end":{"line":219,"column":6}},"148":{"start":{"line":217,"column":8},"end":{"line":217,"column":31}},"149":{"start":{"line":218,"column":8},"end":{"line":218,"column":36}},"150":{"start":{"line":220,"column":4},"end":{"line":227,"column":6}},"151":{"start":{"line":221,"column":8},"end":{"line":221,"column":92}},"152":{"start":{"line":222,"column":8},"end":{"line":224,"column":9}},"153":{"start":{"line":223,"column":12},"end":{"line":223,"column":25}},"154":{"start":{"line":225,"column":8},"end":{"line":225,"column":58}},"155":{"start":{"line":226,"column":8},"end":{"line":226,"column":37}},"156":{"start":{"line":228,"column":4},"end":{"line":235,"column":6}},"157":{"start":{"line":229,"column":8},"end":{"line":229,"column":23}},"158":{"start":{"line":230,"column":8},"end":{"line":233,"column":11}},"159":{"start":{"line":231,"column":12},"end":{"line":232,"column":28}},"160":{"start":{"line":232,"column":16},"end":{"line":232,"column":28}},"161":{"start":{"line":234,"column":8},"end":{"line":234,"column":19}},"162":{"start":{"line":236,"column":4},"end":{"line":260,"column":6}},"163":{"start":{"line":237,"column":8},"end":{"line":237,"column":25}},"164":{"start":{"line":238,"column":8},"end":{"line":238,"column":21}},"165":{"start":{"line":239,"column":8},"end":{"line":239,"column":39}},"166":{"start":{"line":240,"column":8},"end":{"line":258,"column":11}},"167":{"start":{"line":241,"column":12},"end":{"line":257,"column":13}},"168":{"start":{"line":243,"column":20},"end":{"line":243,"column":60}},"169":{"start":{"line":244,"column":20},"end":{"line":244,"column":26}},"170":{"start":{"line":246,"column":20},"end":{"line":246,"column":94}},"171":{"start":{"line":247,"column":20},"end":{"line":247,"column":26}},"172":{"start":{"line":249,"column":20},"end":{"line":249,"column":66}},"173":{"start":{"line":250,"column":20},"end":{"line":250,"column":26}},"174":{"start":{"line":252,"column":20},"end":{"line":252,"column":60}},"175":{"start":{"line":253,"column":20},"end":{"line":253,"column":26}},"176":{"start":{"line":255,"column":20},"end":{"line":255,"column":60}},"177":{"start":{"line":256,"column":20},"end":{"line":256,"column":26}},"178":{"start":{"line":259,"column":8},"end":{"line":259,"column":19}},"179":{"start":{"line":262,"column":4},"end":{"line":273,"column":6}},"180":{"start":{"line":263,"column":8},"end":{"line":263,"column":23}},"181":{"start":{"line":264,"column":8},"end":{"line":266,"column":9}},"182":{"start":{"line":265,"column":12},"end":{"line":265,"column":24}},"183":{"start":{"line":267,"column":8},"end":{"line":271,"column":11}},"184":{"start":{"line":268,"column":12},"end":{"line":270,"column":13}},"185":{"start":{"line":269,"column":16},"end":{"line":269,"column":28}},"186":{"start":{"line":272,"column":8},"end":{"line":272,"column":19}},"187":{"start":{"line":274,"column":4},"end":{"line":283,"column":6}},"188":{"start":{"line":275,"column":8},"end":{"line":275,"column":23}},"189":{"start":{"line":276,"column":8},"end":{"line":281,"column":11}},"190":{"start":{"line":278,"column":12},"end":{"line":280,"column":13}},"191":{"start":{"line":279,"column":16},"end":{"line":279,"column":28}},"192":{"start":{"line":282,"column":8},"end":{"line":282,"column":19}},"193":{"start":{"line":285,"column":4},"end":{"line":287,"column":6}},"194":{"start":{"line":286,"column":8},"end":{"line":286,"column":41}},"195":{"start":{"line":289,"column":4},"end":{"line":310,"column":6}},"196":{"start":{"line":290,"column":8},"end":{"line":290,"column":23}},"197":{"start":{"line":291,"column":8},"end":{"line":308,"column":9}},"198":{"start":{"line":292,"column":12},"end":{"line":292,"column":24}},"199":{"start":{"line":295,"column":13},"end":{"line":308,"column":9}},"200":{"start":{"line":296,"column":12},"end":{"line":296,"column":24}},"201":{"start":{"line":299,"column":13},"end":{"line":308,"column":9}},"202":{"start":{"line":300,"column":12},"end":{"line":300,"column":24}},"203":{"start":{"line":303,"column":13},"end":{"line":308,"column":9}},"204":{"start":{"line":305,"column":12},"end":{"line":307,"column":13}},"205":{"start":{"line":306,"column":16},"end":{"line":306,"column":28}},"206":{"start":{"line":309,"column":8},"end":{"line":309,"column":19}},"207":{"start":{"line":312,"column":4},"end":{"line":318,"column":6}},"208":{"start":{"line":313,"column":8},"end":{"line":313,"column":23}},"209":{"start":{"line":314,"column":8},"end":{"line":316,"column":9}},"210":{"start":{"line":315,"column":12},"end":{"line":315,"column":24}},"211":{"start":{"line":317,"column":8},"end":{"line":317,"column":19}},"212":{"start":{"line":320,"column":4},"end":{"line":322,"column":6}},"213":{"start":{"line":321,"column":8},"end":{"line":321,"column":25}},"214":{"start":{"line":324,"column":4},"end":{"line":326,"column":6}},"215":{"start":{"line":325,"column":8},"end":{"line":325,"column":69}},"216":{"start":{"line":327,"column":4},"end":{"line":333,"column":6}},"217":{"start":{"line":328,"column":8},"end":{"line":328,"column":21}},"218":{"start":{"line":329,"column":8},"end":{"line":331,"column":11}},"219":{"start":{"line":330,"column":12},"end":{"line":330,"column":35}},"220":{"start":{"line":332,"column":8},"end":{"line":332,"column":19}},"221":{"start":{"line":334,"column":4},"end":{"line":334,"column":20}},"222":{"start":{"line":336,"column":0},"end":{"line":336,"column":28}}},"branchMap":{"1":{"line":8,"type":"if","locations":[{"start":{"line":8,"column":8},"end":{"line":8,"column":8}},{"start":{"line":8,"column":8},"end":{"line":8,"column":8}}]},"2":{"line":8,"type":"binary-expr","locations":[{"start":{"line":8,"column":12},"end":{"line":8,"column":35}},{"start":{"line":8,"column":39},"end":{"line":8,"column":62}}]},"3":{"line":10,"type":"binary-expr","locations":[{"start":{"line":10,"column":20},"end":{"line":10,"column":42}},{"start":{"line":10,"column":46},"end":{"line":10,"column":58}},{"start":{"line":10,"column":62},"end":{"line":10,"column":79}}]},"4":{"line":22,"type":"binary-expr","locations":[{"start":{"line":22,"column":16},"end":{"line":22,"column":41}},{"start":{"line":22,"column":45},"end":{"line":22,"column":104}},{"start":{"line":22,"column":109},"end":{"line":22,"column":128}}]},"5":{"line":27,"type":"cond-expr","locations":[{"start":{"line":27,"column":27},"end":{"line":27,"column":119}},{"start":{"line":27,"column":122},"end":{"line":27,"column":127}}]},"6":{"line":27,"type":"binary-expr","locations":[{"start":{"line":27,"column":28},"end":{"line":27,"column":60}},{"start":{"line":27,"column":66},"end":{"line":27,"column":118}}]},"7":{"line":32,"type":"binary-expr","locations":[{"start":{"line":32,"column":20},"end":{"line":32,"column":43}},{"start":{"line":32,"column":49},"end":{"line":32,"column":94}}]},"8":{"line":37,"type":"cond-expr","locations":[{"start":{"line":37,"column":23},"end":{"line":37,"column":67}},{"start":{"line":37,"column":70},"end":{"line":37,"column":75}}]},"9":{"line":37,"type":"binary-expr","locations":[{"start":{"line":37,"column":23},"end":{"line":37,"column":48}},{"start":{"line":37,"column":52},"end":{"line":37,"column":67}}]},"10":{"line":63,"type":"cond-expr","locations":[{"start":{"line":63,"column":30},"end":{"line":63,"column":34}},{"start":{"line":63,"column":37},"end":{"line":63,"column":42}}]},"11":{"line":66,"type":"if","locations":[{"start":{"line":66,"column":8},"end":{"line":66,"column":8}},{"start":{"line":66,"column":8},"end":{"line":66,"column":8}}]},"12":{"line":71,"type":"binary-expr","locations":[{"start":{"line":71,"column":19},"end":{"line":71,"column":24}},{"start":{"line":71,"column":28},"end":{"line":71,"column":51}}]},"13":{"line":79,"type":"cond-expr","locations":[{"start":{"line":79,"column":28},"end":{"line":79,"column":33}},{"start":{"line":79,"column":36},"end":{"line":79,"column":40}}]},"14":{"line":87,"type":"cond-expr","locations":[{"start":{"line":87,"column":23},"end":{"line":87,"column":71}},{"start":{"line":87,"column":74},"end":{"line":87,"column":79}}]},"15":{"line":87,"type":"binary-expr","locations":[{"start":{"line":87,"column":23},"end":{"line":87,"column":48}},{"start":{"line":87,"column":52},"end":{"line":87,"column":71}}]},"16":{"line":92,"type":"cond-expr","locations":[{"start":{"line":92,"column":23},"end":{"line":92,"column":71}},{"start":{"line":92,"column":74},"end":{"line":92,"column":79}}]},"17":{"line":92,"type":"binary-expr","locations":[{"start":{"line":92,"column":23},"end":{"line":92,"column":48}},{"start":{"line":92,"column":52},"end":{"line":92,"column":71}}]},"18":{"line":98,"type":"binary-expr","locations":[{"start":{"line":98,"column":15},"end":{"line":98,"column":29}},{"start":{"line":98,"column":33},"end":{"line":98,"column":47}}]},"19":{"line":110,"type":"if","locations":[{"start":{"line":110,"column":8},"end":{"line":110,"column":8}},{"start":{"line":110,"column":8},"end":{"line":110,"column":8}}]},"20":{"line":110,"type":"binary-expr","locations":[{"start":{"line":110,"column":12},"end":{"line":110,"column":16}},{"start":{"line":110,"column":20},"end":{"line":110,"column":33}},{"start":{"line":110,"column":37},"end":{"line":110,"column":56}}]},"21":{"line":113,"type":"binary-expr","locations":[{"start":{"line":113,"column":15},"end":{"line":113,"column":38}},{"start":{"line":113,"column":42},"end":{"line":113,"column":70}},{"start":{"line":113,"column":75},"end":{"line":113,"column":103}},{"start":{"line":113,"column":107},"end":{"line":113,"column":127}}]},"22":{"line":138,"type":"cond-expr","locations":[{"start":{"line":138,"column":21},"end":{"line":138,"column":48}},{"start":{"line":138,"column":51},"end":{"line":138,"column":83}}]},"23":{"line":179,"type":"if","locations":[{"start":{"line":179,"column":12},"end":{"line":179,"column":12}},{"start":{"line":179,"column":12},"end":{"line":179,"column":12}}]},"24":{"line":179,"type":"binary-expr","locations":[{"start":{"line":179,"column":16},"end":{"line":179,"column":29}},{"start":{"line":179,"column":33},"end":{"line":179,"column":65}}]},"25":{"line":182,"type":"if","locations":[{"start":{"line":182,"column":12},"end":{"line":182,"column":12}},{"start":{"line":182,"column":12},"end":{"line":182,"column":12}}]},"26":{"line":182,"type":"binary-expr","locations":[{"start":{"line":182,"column":25},"end":{"line":182,"column":30}},{"start":{"line":182,"column":34},"end":{"line":182,"column":38}},{"start":{"line":182,"column":42},"end":{"line":182,"column":47}}]},"27":{"line":193,"type":"if","locations":[{"start":{"line":193,"column":8},"end":{"line":193,"column":8}},{"start":{"line":193,"column":8},"end":{"line":193,"column":8}}]},"28":{"line":193,"type":"binary-expr","locations":[{"start":{"line":193,"column":12},"end":{"line":193,"column":17}},{"start":{"line":193,"column":22},"end":{"line":193,"column":47}},{"start":{"line":193,"column":51},"end":{"line":193,"column":76}}]},"29":{"line":195,"type":"if","locations":[{"start":{"line":195,"column":8},"end":{"line":195,"column":8}},{"start":{"line":195,"column":8},"end":{"line":195,"column":8}}]},"30":{"line":197,"type":"if","locations":[{"start":{"line":197,"column":12},"end":{"line":197,"column":12}},{"start":{"line":197,"column":12},"end":{"line":197,"column":12}}]},"31":{"line":200,"type":"if","locations":[{"start":{"line":200,"column":12},"end":{"line":200,"column":12}},{"start":{"line":200,"column":12},"end":{"line":200,"column":12}}]},"32":{"line":205,"type":"cond-expr","locations":[{"start":{"line":205,"column":21},"end":{"line":205,"column":25}},{"start":{"line":205,"column":28},"end":{"line":205,"column":32}}]},"33":{"line":222,"type":"if","locations":[{"start":{"line":222,"column":8},"end":{"line":222,"column":8}},{"start":{"line":222,"column":8},"end":{"line":222,"column":8}}]},"34":{"line":222,"type":"binary-expr","locations":[{"start":{"line":222,"column":12},"end":{"line":222,"column":37}},{"start":{"line":222,"column":41},"end":{"line":222,"column":77}}]},"35":{"line":231,"type":"if","locations":[{"start":{"line":231,"column":12},"end":{"line":231,"column":12}},{"start":{"line":231,"column":12},"end":{"line":231,"column":12}}]},"36":{"line":241,"type":"switch","locations":[{"start":{"line":242,"column":16},"end":{"line":244,"column":26}},{"start":{"line":245,"column":16},"end":{"line":247,"column":26}},{"start":{"line":248,"column":16},"end":{"line":250,"column":26}},{"start":{"line":251,"column":16},"end":{"line":253,"column":26}},{"start":{"line":254,"column":16},"end":{"line":256,"column":26}}]},"37":{"line":264,"type":"if","locations":[{"start":{"line":264,"column":8},"end":{"line":264,"column":8}},{"start":{"line":264,"column":8},"end":{"line":264,"column":8}}]},"38":{"line":268,"type":"if","locations":[{"start":{"line":268,"column":12},"end":{"line":268,"column":12}},{"start":{"line":268,"column":12},"end":{"line":268,"column":12}}]},"39":{"line":278,"type":"if","locations":[{"start":{"line":278,"column":12},"end":{"line":278,"column":12}},{"start":{"line":278,"column":12},"end":{"line":278,"column":12}}]},"40":{"line":286,"type":"binary-expr","locations":[{"start":{"line":286,"column":15},"end":{"line":286,"column":25}},{"start":{"line":286,"column":29},"end":{"line":286,"column":40}}]},"41":{"line":291,"type":"if","locations":[{"start":{"line":291,"column":8},"end":{"line":291,"column":8}},{"start":{"line":291,"column":8},"end":{"line":291,"column":8}}]},"42":{"line":295,"type":"if","locations":[{"start":{"line":295,"column":13},"end":{"line":295,"column":13}},{"start":{"line":295,"column":13},"end":{"line":295,"column":13}}]},"43":{"line":295,"type":"binary-expr","locations":[{"start":{"line":295,"column":18},"end":{"line":295,"column":28}},{"start":{"line":295,"column":32},"end":{"line":295,"column":42}},{"start":{"line":295,"column":46},"end":{"line":295,"column":56}},{"start":{"line":295,"column":60},"end":{"line":295,"column":70}},{"start":{"line":295,"column":74},"end":{"line":295,"column":84}},{"start":{"line":295,"column":88},"end":{"line":295,"column":99}},{"start":{"line":295,"column":103},"end":{"line":295,"column":114}},{"start":{"line":295,"column":119},"end":{"line":295,"column":127}}]},"44":{"line":299,"type":"if","locations":[{"start":{"line":299,"column":13},"end":{"line":299,"column":13}},{"start":{"line":299,"column":13},"end":{"line":299,"column":13}}]},"45":{"line":299,"type":"binary-expr","locations":[{"start":{"line":299,"column":18},"end":{"line":299,"column":28}},{"start":{"line":299,"column":32},"end":{"line":299,"column":42}},{"start":{"line":299,"column":46},"end":{"line":299,"column":56}},{"start":{"line":299,"column":60},"end":{"line":299,"column":71}},{"start":{"line":299,"column":76},"end":{"line":299,"column":84}}]},"46":{"line":303,"type":"if","locations":[{"start":{"line":303,"column":13},"end":{"line":303,"column":13}},{"start":{"line":303,"column":13},"end":{"line":303,"column":13}}]},"47":{"line":305,"type":"if","locations":[{"start":{"line":305,"column":12},"end":{"line":305,"column":12}},{"start":{"line":305,"column":12},"end":{"line":305,"column":12}}]},"48":{"line":305,"type":"binary-expr","locations":[{"start":{"line":305,"column":17},"end":{"line":305,"column":38}},{"start":{"line":305,"column":42},"end":{"line":305,"column":50}},{"start":{"line":305,"column":56},"end":{"line":305,"column":78}},{"start":{"line":305,"column":82},"end":{"line":305,"column":90}}]},"49":{"line":314,"type":"if","locations":[{"start":{"line":314,"column":8},"end":{"line":314,"column":8}},{"start":{"line":314,"column":8},"end":{"line":314,"column":8}}]},"50":{"line":325,"type":"binary-expr","locations":[{"start":{"line":325,"column":15},"end":{"line":325,"column":28}},{"start":{"line":325,"column":33},"end":{"line":325,"column":48}},{"start":{"line":325,"column":52},"end":{"line":325,"column":67}}]}}},"/data/home/amyyanzhang/mg-validator/lib/compare.js":{"path":"/data/home/amyyanzhang/mg-validator/lib/compare.js","s":{"1":1,"2":1,"3":1,"4":1,"5":1,"6":622,"7":1,"8":16,"9":16,"10":16,"11":0,"12":16,"13":16,"14":16,"15":16,"16":16,"17":1,"18":16,"19":16,"20":16,"21":32,"22":32,"23":16,"24":1,"25":134,"26":134,"27":24,"28":24,"29":54,"30":54,"31":20,"32":20,"33":18,"34":18,"35":18,"36":18,"37":134,"38":1,"39":120,"40":120,"41":120,"42":720,"43":120,"44":120,"45":1,"46":104,"47":104,"48":104,"49":1,"50":104,"51":104,"52":208,"53":104,"54":1,"55":1},"b":{"1":[0,16],"2":[14,2],"3":[4,28],"4":[24,54,20,18,18],"5":[120,600],"6":[120,0],"7":[20,84]},"f":{"1":1,"2":622,"3":16,"4":16,"5":32,"6":134,"7":120,"8":720,"9":104,"10":104,"11":208},"fnMap":{"1":{"name":"(anonymous_1)","line":5,"loc":{"start":{"line":5,"column":29},"end":{"line":5,"column":41}}},"2":{"name":"Compare","line":7,"loc":{"start":{"line":7,"column":4},"end":{"line":7,"column":27}}},"3":{"name":"(anonymous_3)","line":10,"loc":{"start":{"line":10,"column":31},"end":{"line":10,"column":54}}},"4":{"name":"(anonymous_4)","line":27,"loc":{"start":{"line":27,"column":31},"end":{"line":27,"column":46}}},"5":{"name":"(anonymous_5)","line":30,"loc":{"start":{"line":30,"column":20},"end":{"line":30,"column":43}}},"6":{"name":"(anonymous_6)","line":36,"loc":{"start":{"line":36,"column":32},"end":{"line":36,"column":54}}},"7":{"name":"(anonymous_7)","line":57,"loc":{"start":{"line":57,"column":32},"end":{"line":57,"column":48}}},"8":{"name":"(anonymous_8)","line":67,"loc":{"start":{"line":67,"column":23},"end":{"line":67,"column":39}}},"9":{"name":"(anonymous_9)","line":74,"loc":{"start":{"line":74,"column":32},"end":{"line":74,"column":55}}},"10":{"name":"(anonymous_10)","line":79,"loc":{"start":{"line":79,"column":30},"end":{"line":79,"column":45}}},"11":{"name":"(anonymous_11)","line":81,"loc":{"start":{"line":81,"column":20},"end":{"line":81,"column":36}}}},"statementMap":{"1":{"start":{"line":2,"column":0},"end":{"line":2,"column":62}},"2":{"start":{"line":3,"column":0},"end":{"line":3,"column":41}},"3":{"start":{"line":4,"column":0},"end":{"line":4,"column":41}},"4":{"start":{"line":5,"column":0},"end":{"line":87,"column":5}},"5":{"start":{"line":7,"column":4},"end":{"line":9,"column":5}},"6":{"start":{"line":8,"column":8},"end":{"line":8,"column":25}},"7":{"start":{"line":10,"column":4},"end":{"line":26,"column":6}},"8":{"start":{"line":11,"column":8},"end":{"line":11,"column":36}},"9":{"start":{"line":12,"column":8},"end":{"line":12,"column":37}},"10":{"start":{"line":13,"column":8},"end":{"line":15,"column":9}},"11":{"start":{"line":14,"column":12},"end":{"line":14,"column":41}},"12":{"start":{"line":16,"column":8},"end":{"line":16,"column":41}},"13":{"start":{"line":17,"column":8},"end":{"line":17,"column":36}},"14":{"start":{"line":18,"column":8},"end":{"line":23,"column":10}},"15":{"start":{"line":24,"column":8},"end":{"line":24,"column":126}},"16":{"start":{"line":25,"column":8},"end":{"line":25,"column":54}},"17":{"start":{"line":27,"column":4},"end":{"line":35,"column":6}},"18":{"start":{"line":28,"column":8},"end":{"line":28,"column":25}},"19":{"start":{"line":29,"column":8},"end":{"line":29,"column":21}},"20":{"start":{"line":30,"column":8},"end":{"line":33,"column":11}},"21":{"start":{"line":31,"column":12},"end":{"line":31,"column":35}},"22":{"start":{"line":32,"column":12},"end":{"line":32,"column":67}},"23":{"start":{"line":34,"column":8},"end":{"line":34,"column":19}},"24":{"start":{"line":36,"column":4},"end":{"line":56,"column":6}},"25":{"start":{"line":37,"column":8},"end":{"line":37,"column":24}},"26":{"start":{"line":38,"column":8},"end":{"line":54,"column":9}},"27":{"start":{"line":40,"column":16},"end":{"line":40,"column":41}},"28":{"start":{"line":41,"column":16},"end":{"line":41,"column":22}},"29":{"start":{"line":43,"column":16},"end":{"line":43,"column":41}},"30":{"start":{"line":44,"column":16},"end":{"line":44,"column":22}},"31":{"start":{"line":46,"column":16},"end":{"line":46,"column":42}},"32":{"start":{"line":47,"column":16},"end":{"line":47,"column":22}},"33":{"start":{"line":49,"column":16},"end":{"line":49,"column":42}},"34":{"start":{"line":50,"column":16},"end":{"line":50,"column":22}},"35":{"start":{"line":52,"column":16},"end":{"line":52,"column":42}},"36":{"start":{"line":53,"column":16},"end":{"line":53,"column":22}},"37":{"start":{"line":55,"column":8},"end":{"line":55,"column":20}},"38":{"start":{"line":57,"column":4},"end":{"line":73,"column":6}},"39":{"start":{"line":58,"column":8},"end":{"line":58,"column":17}},"40":{"start":{"line":59,"column":8},"end":{"line":66,"column":10}},"41":{"start":{"line":67,"column":8},"end":{"line":71,"column":11}},"42":{"start":{"line":68,"column":12},"end":{"line":70,"column":13}},"43":{"start":{"line":69,"column":16},"end":{"line":69,"column":28}},"44":{"start":{"line":72,"column":8},"end":{"line":72,"column":28}},"45":{"start":{"line":74,"column":4},"end":{"line":78,"column":6}},"46":{"start":{"line":75,"column":8},"end":{"line":75,"column":51}},"47":{"start":{"line":76,"column":8},"end":{"line":76,"column":61}},"48":{"start":{"line":77,"column":8},"end":{"line":77,"column":42}},"49":{"start":{"line":79,"column":4},"end":{"line":85,"column":6}},"50":{"start":{"line":80,"column":8},"end":{"line":80,"column":21}},"51":{"start":{"line":81,"column":8},"end":{"line":83,"column":11}},"52":{"start":{"line":82,"column":12},"end":{"line":82,"column":35}},"53":{"start":{"line":84,"column":8},"end":{"line":84,"column":19}},"54":{"start":{"line":86,"column":4},"end":{"line":86,"column":19}},"55":{"start":{"line":88,"column":0},"end":{"line":88,"column":26}}},"branchMap":{"1":{"line":13,"type":"if","locations":[{"start":{"line":13,"column":8},"end":{"line":13,"column":8}},{"start":{"line":13,"column":8},"end":{"line":13,"column":8}}]},"2":{"line":24,"type":"cond-expr","locations":[{"start":{"line":24,"column":49},"end":{"line":24,"column":78}},{"start":{"line":24,"column":81},"end":{"line":24,"column":125}}]},"3":{"line":32,"type":"cond-expr","locations":[{"start":{"line":32,"column":18},"end":{"line":32,"column":31}},{"start":{"line":32,"column":34},"end":{"line":32,"column":66}}]},"4":{"line":38,"type":"switch","locations":[{"start":{"line":39,"column":12},"end":{"line":41,"column":22}},{"start":{"line":42,"column":12},"end":{"line":44,"column":22}},{"start":{"line":45,"column":12},"end":{"line":47,"column":22}},{"start":{"line":48,"column":12},"end":{"line":50,"column":22}},{"start":{"line":51,"column":12},"end":{"line":53,"column":22}}]},"5":{"line":68,"type":"if","locations":[{"start":{"line":68,"column":12},"end":{"line":68,"column":12}},{"start":{"line":68,"column":12},"end":{"line":68,"column":12}}]},"6":{"line":72,"type":"binary-expr","locations":[{"start":{"line":72,"column":15},"end":{"line":72,"column":19}},{"start":{"line":72,"column":23},"end":{"line":72,"column":27}}]},"7":{"line":77,"type":"cond-expr","locations":[{"start":{"line":77,"column":27},"end":{"line":77,"column":30}},{"start":{"line":77,"column":33},"end":{"line":77,"column":41}}]}}}}