TN:
SF:/data/home/amyyanzhang/mg-validator/index.js
FNF:0
FNH:0
DA:1,1
LF:1
LH:1
BRF:0
BRH:0
end_of_record
TN:
SF:/data/home/amyyanzhang/mg-validator/lib/index.js
FNF:0
FNH:0
DA:2,1
DA:3,1
LF:2
LH:2
BRF:0
BRH:0
end_of_record
TN:
SF:/data/home/amyyanzhang/mg-validator/lib/validator.js
FN:2,(anonymous_1)
FN:4,(anonymous_2)
FN:5,(anonymous_3)
FN:6,(anonymous_4)
FN:8,__
FN:16,(anonymous_6)
FN:18,Validator
FN:25,(anonymous_8)
FN:29,(anonymous_9)
FN:45,(anonymous_10)
FN:49,(anonymous_11)
FN:54,(anonymous_12)
FN:59,(anonymous_13)
FN:61,(anonymous_14)
FN:84,(anonymous_15)
FN:106,(anonymous_16)
FN:114,(anonymous_17)
FN:116,(anonymous_18)
FN:120,(anonymous_19)
FNF:19
FNH:17
FNDA:1,(anonymous_1)
FNDA:0,(anonymous_2)
FNDA:0,(anonymous_3)
FNDA:1,(anonymous_4)
FNDA:1,__
FNDA:1,(anonymous_6)
FNDA:313,Validator
FNDA:311,(anonymous_8)
FNDA:1592,(anonymous_9)
FNDA:2,(anonymous_10)
FNDA:311,(anonymous_11)
FNDA:2,(anonymous_12)
FNDA:311,(anonymous_13)
FNDA:311,(anonymous_14)
FNDA:311,(anonymous_15)
FNDA:311,(anonymous_16)
FNDA:2,(anonymous_17)
FNDA:14,(anonymous_18)
FNDA:324,(anonymous_19)
DA:2,1
DA:3,1
DA:4,0
DA:5,0
DA:6,1
DA:7,1
DA:8,1
DA:9,1
DA:12,1
DA:13,1
DA:14,1
DA:15,1
DA:16,1
DA:17,1
DA:18,1
DA:19,313
DA:20,313
DA:21,313
DA:22,313
DA:23,313
DA:25,1
DA:26,311
DA:27,311
DA:29,1
DA:30,1592
DA:31,314
DA:42,1278
DA:45,1
DA:46,2
DA:47,2
DA:49,1
DA:50,311
DA:51,309
DA:52,309
DA:54,1
DA:55,2
DA:56,2
DA:57,2
DA:59,1
DA:60,311
DA:61,311
DA:62,311
DA:63,311
DA:64,309
DA:65,309
DA:66,309
DA:67,309
DA:68,156
DA:72,155
DA:73,2
DA:74,2
DA:75,8
DA:76,8
DA:77,1
DA:81,154
DA:84,1
DA:85,311
DA:86,311
DA:87,309
DA:88,309
DA:89,309
DA:90,309
DA:91,156
DA:95,155
DA:96,2
DA:97,2
DA:98,8
DA:99,8
DA:100,1
DA:104,154
DA:106,1
DA:107,311
DA:108,311
DA:109,1
DA:111,310
DA:114,1
DA:115,2
DA:116,2
DA:117,14
DA:120,1
DA:121,324
DA:122,1
DA:126,1
DA:127,1
DA:128,1
DA:134,1
DA:136,1
LF:87
LH:85
BRDA:2,1,0,1
BRDA:2,1,1,1
BRDA:2,1,2,1
BRDA:3,2,0,1
BRDA:3,2,1,0
BRDA:3,2,2,0
BRDA:3,2,3,0
BRDA:5,3,0,0
BRDA:5,3,1,0
BRDA:9,4,0,0
BRDA:9,4,1,1
BRDA:19,5,0,313
BRDA:19,5,1,313
BRDA:19,5,2,313
BRDA:30,6,0,314
BRDA:30,6,1,1278
BRDA:30,7,0,1592
BRDA:30,7,1,1246
BRDA:63,8,0,309
BRDA:63,8,1,2
BRDA:67,9,0,156
BRDA:67,9,1,153
BRDA:72,10,0,2
BRDA:72,10,1,153
BRDA:76,11,0,1
BRDA:76,11,1,7
BRDA:86,12,0,309
BRDA:86,12,1,2
BRDA:90,13,0,156
BRDA:90,13,1,153
BRDA:95,14,0,2
BRDA:95,14,1,153
BRDA:99,15,0,1
BRDA:99,15,1,7
BRDA:108,16,0,1
BRDA:108,16,1,310
BRDA:108,17,0,311
BRDA:108,17,1,53
BRDA:121,18,0,1
BRDA:121,18,1,323
BRF:40
BRH:34
end_of_record
TN:
SF:/data/home/amyyanzhang/mg-validator/lib/field.js
FN:7,(anonymous_1)
FN:8,Field
FN:12,(anonymous_3)
FN:26,(anonymous_4)
FN:61,(anonymous_5)
FN:98,(anonymous_6)
FN:115,(anonymous_7)
FN:118,(anonymous_8)
FN:126,(anonymous_9)
FN:129,(anonymous_10)
FN:137,(anonymous_11)
FN:140,(anonymous_12)
FN:143,(anonymous_13)
FN:151,(anonymous_14)
FN:154,(anonymous_15)
FN:177,(anonymous_16)
FNF:16
FNH:16
FNDA:1,(anonymous_1)
FNDA:618,Field
FNDA:618,(anonymous_3)
FNDA:612,(anonymous_4)
FNDA:346,(anonymous_5)
FNDA:508,(anonymous_6)
FNDA:404,(anonymous_7)
FNDA:432,(anonymous_8)
FNDA:32,(anonymous_9)
FNDA:60,(anonymous_10)
FNDA:40,(anonymous_11)
FNDA:32,(anonymous_12)
FNDA:68,(anonymous_13)
FNDA:560,(anonymous_14)
FNDA:618,(anonymous_15)
FNDA:1228,(anonymous_16)
DA:2,1
DA:3,1
DA:4,1
DA:5,1
DA:6,1
DA:7,1
DA:8,1
DA:9,618
DA:10,618
DA:12,1
DA:13,618
DA:14,618
DA:15,4
DA:17,614
DA:18,612
DA:19,612
DA:20,266
DA:22,346
DA:24,348
DA:26,1
DA:27,612
DA:28,612
DA:29,612
DA:30,104
DA:32,508
DA:33,372
DA:38,508
DA:39,34
DA:41,508
DA:42,10
DA:44,508
DA:45,508
DA:51,0
DA:53,508
DA:59,508
DA:61,1
DA:62,346
DA:63,346
DA:64,242
DA:66,104
DA:67,104
DA:72,104
DA:73,104
DA:74,104
DA:75,104
DA:76,104
DA:77,84
DA:78,84
DA:81,20
DA:82,20
DA:84,104
DA:90,104
DA:91,42
DA:94,62
DA:96,104
DA:98,1
DA:99,508
DA:100,508
DA:101,508
DA:102,32
DA:104,476
DA:105,32
DA:107,444
DA:108,40
DA:111,404
DA:113,508
DA:115,1
DA:116,404
DA:117,404
DA:118,404
DA:119,432
DA:120,432
DA:121,214
DA:124,404
DA:126,1
DA:127,32
DA:128,32
DA:129,32
DA:130,60
DA:131,60
DA:132,16
DA:135,32
DA:137,1
DA:138,40
DA:140,1
DA:141,32
DA:142,32
DA:143,32
DA:144,68
DA:145,68
DA:146,16
DA:149,32
DA:151,1
DA:152,560
DA:154,1
DA:155,618
DA:156,618
DA:157,618
DA:158,610
DA:163,618
DA:169,618
DA:170,4
DA:173,614
DA:175,618
DA:177,1
DA:178,1228
DA:179,1228
DA:181,1
DA:183,1
LF:109
LH:108
BRDA:14,1,0,4
BRDA:14,1,1,614
BRDA:17,2,0,612
BRDA:17,2,1,2
BRDA:19,3,0,266
BRDA:19,3,1,346
BRDA:29,4,0,104
BRDA:29,4,1,508
BRDA:32,5,0,372
BRDA:32,5,1,136
BRDA:38,6,0,34
BRDA:38,6,1,474
BRDA:41,7,0,10
BRDA:41,7,1,498
BRDA:44,8,0,508
BRDA:44,8,1,0
BRDA:63,9,0,242
BRDA:63,9,1,104
BRDA:66,10,0,104
BRDA:66,10,1,0
BRDA:76,11,0,84
BRDA:76,11,1,20
BRDA:82,12,0,20
BRDA:82,12,1,14
BRDA:90,13,0,42
BRDA:90,13,1,62
BRDA:101,14,0,32
BRDA:101,14,1,476
BRDA:101,15,0,508
BRDA:101,15,1,136
BRDA:104,16,0,32
BRDA:104,16,1,444
BRDA:104,17,0,476
BRDA:104,17,1,104
BRDA:107,18,0,40
BRDA:107,18,1,404
BRDA:107,19,0,444
BRDA:107,19,1,72
BRDA:113,20,0,242
BRDA:113,20,1,266
BRDA:120,21,0,214
BRDA:120,21,1,218
BRDA:131,22,0,16
BRDA:131,22,1,44
BRDA:145,23,0,16
BRDA:145,23,1,52
BRDA:155,24,0,618
BRDA:155,24,1,610
BRDA:157,25,0,610
BRDA:157,25,1,8
BRDA:169,26,0,4
BRDA:169,26,1,614
BRDA:169,27,0,618
BRDA:169,27,1,614
BRDA:179,28,0,1222
BRDA:179,28,1,6
BRDA:179,29,0,1228
BRDA:179,29,1,1228
BRF:58
BRH:56
end_of_record
TN:
SF:/data/home/amyyanzhang/mg-validator/lib/interface.js
FN:4,(anonymous_1)
FN:10,(anonymous_2)
FNF:2
FNH:2
FNDA:1,(anonymous_1)
FNDA:1,(anonymous_2)
DA:2,1
DA:3,1
DA:4,1
DA:5,1
DA:6,1
DA:7,1
DA:9,1
DA:10,1
DA:11,1
DA:12,1
DA:13,1
DA:14,1
DA:15,1
DA:16,1
LF:14
LH:14
BRDA:8,1,0,1
BRDA:8,1,1,1
BRDA:17,2,0,1
BRDA:17,2,1,1
BRF:4
BRH:4
end_of_record
TN:
SF:/data/home/amyyanzhang/mg-validator/lib/types.js
FN:3,(anonymous_1)
FN:4,type
FN:6,(anonymous_3)
FN:14,(anonymous_4)
FN:17,(anonymous_5)
FN:20,(anonymous_6)
FN:25,(anonymous_7)
FN:31,(anonymous_8)
FN:35,(anonymous_9)
FN:39,(anonymous_10)
FN:42,(anonymous_11)
FN:45,(anonymous_12)
FN:48,(anonymous_13)
FN:51,(anonymous_14)
FN:65,(anonymous_15)
FN:76,(anonymous_16)
FN:81,(anonymous_17)
FN:84,(anonymous_18)
FN:89,(anonymous_19)
FN:94,(anonymous_20)
FN:97,(anonymous_21)
FN:100,(anonymous_22)
FN:103,(anonymous_23)
FN:107,(anonymous_24)
FN:115,(anonymous_25)
FN:121,(anonymous_26)
FN:127,(anonymous_27)
FN:133,(anonymous_28)
FN:137,(anonymous_29)
FN:165,(anonymous_30)
FN:166,ExtendTypes
FN:169,(anonymous_32)
FN:170,(anonymous_33)
FN:174,(anonymous_34)
FN:178,(anonymous_35)
FN:188,(anonymous_36)
FN:191,(anonymous_37)
FN:207,(anonymous_38)
FN:213,(anonymous_39)
FN:214,Datetime
FN:216,(anonymous_41)
FN:220,(anonymous_42)
FN:228,(anonymous_43)
FN:230,(anonymous_44)
FN:236,(anonymous_45)
FN:240,(anonymous_46)
FN:262,(anonymous_47)
FN:267,(anonymous_48)
FN:274,(anonymous_49)
FN:276,(anonymous_50)
FN:285,(anonymous_51)
FN:289,(anonymous_52)
FN:312,(anonymous_53)
FN:320,(anonymous_54)
FN:324,(anonymous_55)
FN:327,(anonymous_56)
FN:329,(anonymous_57)
FNF:57
FNH:57
FNDA:1,(anonymous_1)
FNDA:313,type
FNDA:42,(anonymous_3)
FNDA:34,(anonymous_4)
FNDA:40,(anonymous_5)
FNDA:202,(anonymous_6)
FNDA:20,(anonymous_7)
FNDA:24,(anonymous_8)
FNDA:26,(anonymous_9)
FNDA:34,(anonymous_10)
FNDA:24,(anonymous_11)
FNDA:22,(anonymous_12)
FNDA:32,(anonymous_13)
FNDA:24,(anonymous_14)
FNDA:32,(anonymous_15)
FNDA:12,(anonymous_16)
FNDA:44,(anonymous_17)
FNDA:4,(anonymous_18)
FNDA:24,(anonymous_19)
FNDA:4,(anonymous_20)
FNDA:18,(anonymous_21)
FNDA:38,(anonymous_22)
FNDA:20,(anonymous_23)
FNDA:48,(anonymous_24)
FNDA:8,(anonymous_25)
FNDA:8,(anonymous_26)
FNDA:8,(anonymous_27)
FNDA:9,(anonymous_28)
FNDA:10,(anonymous_29)
FNDA:1,(anonymous_30)
FNDA:9,ExtendTypes
FNDA:2,(anonymous_32)
FNDA:2,(anonymous_33)
FNDA:8,(anonymous_34)
FNDA:392,(anonymous_35)
FNDA:388,(anonymous_36)
FNDA:11,(anonymous_37)
FNDA:2,(anonymous_38)
FNDA:1,(anonymous_39)
FNDA:40,Datetime
FNDA:40,(anonymous_41)
FNDA:40,(anonymous_42)
FNDA:34,(anonymous_43)
FNDA:116,(anonymous_44)
FNDA:34,(anonymous_45)
FNDA:150,(anonymous_46)
FNDA:38,(anonymous_47)
FNDA:172,(anonymous_48)
FNDA:40,(anonymous_49)
FNDA:178,(anonymous_50)
FNDA:34,(anonymous_51)
FNDA:34,(anonymous_52)
FNDA:16,(anonymous_53)
FNDA:32,(anonymous_54)
FNDA:24,(anonymous_55)
FNDA:34,(anonymous_56)
FNDA:150,(anonymous_57)
DA:2,1
DA:3,1
DA:4,1
DA:6,1
DA:7,42
DA:8,42
DA:9,42
DA:10,42
DA:12,42
DA:14,1
DA:15,34
DA:17,1
DA:18,40
DA:20,1
DA:21,202
DA:22,202
DA:25,1
DA:26,20
DA:27,20
DA:28,20
DA:31,1
DA:32,24
DA:33,24
DA:35,1
DA:36,26
DA:37,26
DA:39,1
DA:40,34
DA:42,1
DA:43,24
DA:45,1
DA:46,22
DA:48,1
DA:49,32
DA:51,1
DA:52,24
DA:62,24
DA:63,24
DA:65,1
DA:66,32
DA:67,2
DA:69,30
DA:70,30
DA:71,22
DA:74,8
DA:76,1
DA:77,12
DA:78,12
DA:79,12
DA:81,1
DA:82,44
DA:84,1
DA:85,4
DA:86,4
DA:87,4
DA:89,1
DA:90,24
DA:91,24
DA:92,24
DA:94,1
DA:95,4
DA:97,1
DA:98,18
DA:100,1
DA:101,38
DA:103,1
DA:104,20
DA:105,20
DA:107,1
DA:108,48
DA:109,48
DA:110,48
DA:111,20
DA:112,28
DA:113,28
DA:115,1
DA:116,8
DA:121,1
DA:122,8
DA:127,1
DA:128,8
DA:133,1
DA:134,9
DA:135,9
DA:137,1
DA:138,10
DA:140,1
DA:141,1
DA:142,1
DA:143,1
DA:144,1
DA:145,1
DA:146,1
DA:147,1
DA:148,1
DA:149,1
DA:150,1
DA:151,1
DA:152,1
DA:153,1
DA:154,1
DA:155,1
DA:156,1
DA:157,1
DA:158,1
DA:159,1
DA:160,1
DA:161,1
DA:162,1
DA:164,1
DA:165,1
DA:166,1
DA:167,9
DA:169,1
DA:170,2
DA:171,2
DA:174,1
DA:175,8
DA:176,8
DA:177,8
DA:178,8
DA:179,392
DA:180,4
DA:182,392
DA:183,49
DA:186,8
DA:188,1
DA:189,388
DA:191,1
DA:192,11
DA:193,11
DA:194,3
DA:195,8
DA:196,4
DA:197,4
DA:198,2
DA:200,4
DA:201,4
DA:203,4
DA:205,8
DA:207,1
DA:208,2
DA:210,1
DA:212,1
DA:213,1
DA:214,1
DA:216,1
DA:217,40
DA:218,40
DA:220,1
DA:221,40
DA:222,40
DA:223,6
DA:225,34
DA:226,34
DA:228,1
DA:229,34
DA:230,34
DA:231,116
DA:232,16
DA:234,34
DA:236,1
DA:237,34
DA:238,34
DA:239,34
DA:240,34
DA:241,150
DA:243,34
DA:244,34
DA:246,34
DA:247,34
DA:249,16
DA:250,16
DA:252,16
DA:253,16
DA:255,16
DA:256,16
DA:259,34
DA:262,1
DA:263,38
DA:264,38
DA:265,2
DA:267,38
DA:268,172
DA:269,2
DA:272,38
DA:274,1
DA:275,40
DA:276,40
DA:278,178
DA:279,2
DA:282,40
DA:285,1
DA:286,34
DA:289,1
DA:290,34
DA:291,34
DA:292,2
DA:295,32
DA:296,2
DA:299,30
DA:300,2
DA:303,28
DA:305,12
DA:306,4
DA:309,34
DA:312,1
DA:313,16
DA:314,16
DA:315,2
DA:317,16
DA:320,1
DA:321,32
DA:324,1
DA:325,24
DA:327,1
DA:328,34
DA:329,34
DA:330,150
DA:332,34
DA:334,1
DA:336,1
LF:222
LH:222
BRDA:8,1,0,42
BRDA:8,1,1,0
BRDA:8,2,0,42
BRDA:8,2,1,0
BRDA:10,3,0,42
BRDA:10,3,1,16
BRDA:10,3,2,16
BRDA:22,4,0,202
BRDA:22,4,1,0
BRDA:22,4,2,202
BRDA:27,5,0,12
BRDA:27,5,1,8
BRDA:27,6,0,12
BRDA:27,6,1,6
BRDA:32,7,0,24
BRDA:32,7,1,20
BRDA:37,8,0,22
BRDA:37,8,1,4
BRDA:37,9,0,22
BRDA:37,9,1,22
BRDA:63,10,0,16
BRDA:63,10,1,8
BRDA:66,11,0,2
BRDA:66,11,1,30
BRDA:71,12,0,22
BRDA:71,12,1,18
BRDA:79,13,0,6
BRDA:79,13,1,6
BRDA:87,14,0,4
BRDA:87,14,1,0
BRDA:87,15,0,4
BRDA:87,15,1,4
BRDA:92,16,0,12
BRDA:92,16,1,12
BRDA:92,17,0,12
BRDA:92,17,1,12
BRDA:98,18,0,18
BRDA:98,18,1,16
BRDA:110,19,0,20
BRDA:110,19,1,28
BRDA:110,20,0,48
BRDA:110,20,1,46
BRDA:110,20,2,28
BRDA:113,21,0,28
BRDA:113,21,1,22
BRDA:113,21,2,16
BRDA:113,21,3,10
BRDA:138,22,0,0
BRDA:138,22,1,10
BRDA:179,23,0,4
BRDA:179,23,1,388
BRDA:179,24,0,392
BRDA:179,24,1,388
BRDA:182,25,0,49
BRDA:182,25,1,343
BRDA:182,26,0,392
BRDA:182,26,1,0
BRDA:182,26,2,0
BRDA:193,27,0,3
BRDA:193,27,1,8
BRDA:193,28,0,11
BRDA:193,28,1,9
BRDA:193,28,2,6
BRDA:195,29,0,4
BRDA:195,29,1,4
BRDA:197,30,0,2
BRDA:197,30,1,2
BRDA:200,31,0,4
BRDA:200,31,1,0
BRDA:205,32,0,4
BRDA:205,32,1,4
BRDA:222,33,0,6
BRDA:222,33,1,34
BRDA:222,34,0,40
BRDA:222,34,1,38
BRDA:231,35,0,16
BRDA:231,35,1,100
BRDA:241,36,0,34
BRDA:241,36,1,34
BRDA:241,36,2,16
BRDA:241,36,3,16
BRDA:241,36,4,16
BRDA:264,37,0,2
BRDA:264,37,1,36
BRDA:268,38,0,2
BRDA:268,38,1,170
BRDA:278,39,0,2
BRDA:278,39,1,176
BRDA:286,40,0,34
BRDA:286,40,1,32
BRDA:291,41,0,2
BRDA:291,41,1,32
BRDA:295,42,0,2
BRDA:295,42,1,30
BRDA:295,43,0,32
BRDA:295,43,1,30
BRDA:295,43,2,30
BRDA:295,43,3,26
BRDA:295,43,4,26
BRDA:295,43,5,26
BRDA:295,43,6,26
BRDA:295,43,7,16
BRDA:299,44,0,2
BRDA:299,44,1,28
BRDA:299,45,0,30
BRDA:299,45,1,30
BRDA:299,45,2,26
BRDA:299,45,3,26
BRDA:299,45,4,4
BRDA:303,46,0,12
BRDA:303,46,1,16
BRDA:305,47,0,4
BRDA:305,47,1,8
BRDA:305,48,0,12
BRDA:305,48,1,8
BRDA:305,48,2,12
BRDA:305,48,3,4
BRDA:314,49,0,2
BRDA:314,49,1,14
BRDA:325,50,0,24
BRDA:325,50,1,16
BRDA:325,50,2,8
BRF:122
BRH:114
end_of_record
TN:
SF:/data/home/amyyanzhang/mg-validator/lib/compare.js
FN:5,(anonymous_1)
FN:7,Compare
FN:10,(anonymous_3)
FN:27,(anonymous_4)
FN:30,(anonymous_5)
FN:36,(anonymous_6)
FN:57,(anonymous_7)
FN:67,(anonymous_8)
FN:74,(anonymous_9)
FN:79,(anonymous_10)
FN:81,(anonymous_11)
FNF:11
FNH:11
FNDA:1,(anonymous_1)
FNDA:622,Compare
FNDA:16,(anonymous_3)
FNDA:16,(anonymous_4)
FNDA:32,(anonymous_5)
FNDA:134,(anonymous_6)
FNDA:120,(anonymous_7)
FNDA:720,(anonymous_8)
FNDA:104,(anonymous_9)
FNDA:104,(anonymous_10)
FNDA:208,(anonymous_11)
DA:2,1
DA:3,1
DA:4,1
DA:5,1
DA:7,1
DA:8,622
DA:10,1
DA:11,16
DA:12,16
DA:13,16
DA:14,0
DA:16,16
DA:17,16
DA:18,16
DA:24,16
DA:25,16
DA:27,1
DA:28,16
DA:29,16
DA:30,16
DA:31,32
DA:32,32
DA:34,16
DA:36,1
DA:37,134
DA:38,134
DA:40,24
DA:41,24
DA:43,54
DA:44,54
DA:46,20
DA:47,20
DA:49,18
DA:50,18
DA:52,18
DA:53,18
DA:55,134
DA:57,1
DA:58,120
DA:59,120
DA:67,120
DA:68,720
DA:69,120
DA:72,120
DA:74,1
DA:75,104
DA:76,104
DA:77,104
DA:79,1
DA:80,104
DA:81,104
DA:82,208
DA:84,104
DA:86,1
DA:88,1
LF:55
LH:54
BRDA:13,1,0,0
BRDA:13,1,1,16
BRDA:24,2,0,14
BRDA:24,2,1,2
BRDA:32,3,0,4
BRDA:32,3,1,28
BRDA:38,4,0,24
BRDA:38,4,1,54
BRDA:38,4,2,20
BRDA:38,4,3,18
BRDA:38,4,4,18
BRDA:68,5,0,120
BRDA:68,5,1,600
BRDA:72,6,0,120
BRDA:72,6,1,0
BRDA:77,7,0,20
BRDA:77,7,1,84
BRF:17
BRH:15
end_of_record
